#
# There is insufficient memory for the Java Runtime Environment to continue.
# Native memory allocation (malloc) failed to allocate 239599616 bytes for committing reserved memory.
# Possible reasons:
#   The system is out of physical RAM or swap space
#   In 32 bit mode, the process size limit was hit
# Possible solutions:
#   Reduce memory load on the system
#   Increase physical memory or swap space
#   Check if swap backing store is full
#   Use 64 bit Java on a 64 bit OS
#   Decrease Java heap size (-Xmx/-Xms)
#   Decrease number of Java threads
#   Decrease Java thread stack sizes (-Xss)
#   Set larger code cache with -XX:ReservedCodeCacheSize=
# This output file may be truncated or incomplete.
#
#  Out of Memory Error (os_linux.cpp:2761), pid=19988, tid=140113227609856
#
# JRE version: OpenJDK Runtime Environment (7.0_45-b31) (build 1.7.0_45-b31)
# Java VM: OpenJDK 64-Bit Server VM (24.45-b08 mixed mode linux-amd64 compressed oops)
# Failed to write core dump. Core dumps have been disabled. To enable core dumping, try "ulimit -c unlimited" before starting Java again
#

---------------  T H R E A D  ---------------

Current thread (0x00007f6ec8086800):  VMThread [stack: 0x00007f6ea718f000,0x00007f6ea7290000] [id=19998]

Stack: [0x00007f6ea718f000,0x00007f6ea7290000],  sp=0x00007f6ea728e4d0,  free space=1021k
Native frames: (J=compiled Java code, j=interpreted, Vv=VM code, C=native code)
V  [libjvm.so+0x929e55]  JVM_handle_linux_signal+0x177685
V  [libjvm.so+0x47a544]  dlerror+0x47a544
V  [libjvm.so+0x7acbe3]  JVM_FindSignal+0x18c873
V  [libjvm.so+0x7a75af]  JVM_FindSignal+0x18723f
V  [libjvm.so+0x81787b]  JVM_handle_linux_signal+0x650ab
V  [libjvm.so+0x8186d0]  JVM_handle_linux_signal+0x65f00
V  [libjvm.so+0x818dbb]  JVM_handle_linux_signal+0x665eb
V  [libjvm.so+0x8150af]  JVM_handle_linux_signal+0x628df
V  [libjvm.so+0x815878]  JVM_handle_linux_signal+0x630a8
V  [libjvm.so+0x7cbf63]  JVM_handle_linux_signal+0x19793
V  [libjvm.so+0x92b864]  JVM_handle_linux_signal+0x179094
V  [libjvm.so+0x92feb7]  JVM_handle_linux_signal+0x17d6e7
V  [libjvm.so+0x92e888]  JVM_handle_linux_signal+0x17c0b8
V  [libjvm.so+0x92ece9]  JVM_handle_linux_signal+0x17c519
V  [libjvm.so+0x92f132]  JVM_handle_linux_signal+0x17c962
V  [libjvm.so+0x7a9912]  JVM_FindSignal+0x1895a2

VM_Operation (0x00007f6e9fac64a0): ParallelGCFailedAllocation, mode: safepoint, requested by thread 0x00007f6ec8467000


---------------  P R O C E S S  ---------------

Java Threads: ( => current thread )
  0x00007f6ec844c000 JavaThread "Thread-4" [_thread_blocked, id=20012, stack(0x00007f6e9f6c5000,0x00007f6e9f7c6000)]
  0x00007f6ec8426000 JavaThread "clojure-agent-send-off-pool-2" [_thread_in_native, id=20011, stack(0x00007f6e9f7c6000,0x00007f6e9f8c7000)]
  0x00007f6ec8247000 JavaThread "clojure-agent-send-off-pool-1" [_thread_blocked, id=20010, stack(0x00007f6e9f8c7000,0x00007f6e9f9c8000)]
  0x00007f6ec8467000 JavaThread "clojure-agent-send-off-pool-0" [_thread_blocked, id=20009, stack(0x00007f6e9f9c8000,0x00007f6e9fac9000)]
  0x00007f6ec80bb800 JavaThread "Service Thread" daemon [_thread_blocked, id=20006, stack(0x00007f6ea67c2000,0x00007f6ea68c3000)]
  0x00007f6ec80b9000 JavaThread "C1 CompilerThread3" daemon [_thread_blocked, id=20005, stack(0x00007f6ea68c3000,0x00007f6ea69c4000)]
  0x00007f6ec80b7000 JavaThread "C2 CompilerThread2" daemon [_thread_blocked, id=20004, stack(0x00007f6ea69c4000,0x00007f6ea6ac5000)]
  0x00007f6ec80b5000 JavaThread "C2 CompilerThread1" daemon [_thread_blocked, id=20003, stack(0x00007f6ea6ac5000,0x00007f6ea6bc6000)]
  0x00007f6ec80b2000 JavaThread "C2 CompilerThread0" daemon [_thread_blocked, id=20002, stack(0x00007f6ea6bc6000,0x00007f6ea6cc7000)]
  0x00007f6ec80b0000 JavaThread "Signal Dispatcher" daemon [_thread_blocked, id=20001, stack(0x00007f6ea6cc7000,0x00007f6ea6dc8000)]
  0x00007f6ec808c800 JavaThread "Finalizer" daemon [_thread_blocked, id=20000, stack(0x00007f6ea6f8d000,0x00007f6ea708e000)]
  0x00007f6ec808a800 JavaThread "Reference Handler" daemon [_thread_blocked, id=19999, stack(0x00007f6ea708e000,0x00007f6ea718f000)]
  0x00007f6ec8009000 JavaThread "main" [_thread_blocked, id=19989, stack(0x00007f6ecf994000,0x00007f6ecfa95000)]

Other Threads:
=>0x00007f6ec8086800 VMThread [stack: 0x00007f6ea718f000,0x00007f6ea7290000] [id=19998]
  0x00007f6ec80be800 WatcherThread [stack: 0x00007f6ea66c1000,0x00007f6ea67c2000] [id=20007]

VM state:at safepoint (normal execution)

VM Mutex/Monitor currently owned by a thread:  ([mutex/lock_event])
[0x00007f6ec8006980] Threads_lock - owner thread: 0x00007f6ec8086800
[0x00007f6ec8006e80] Heap_lock - owner thread: 0x00007f6ec8467000

Heap
 PSYoungGen      total 399360K, used 9760K [0x00000007c1900000, 0x00000007daa00000, 0x0000000800000000)
  eden space 388096K, 0% used [0x00000007c1900000,0x00000007c1900000,0x00000007d9400000)
  from space 11264K, 86% used [0x00000007d9400000,0x00000007d9d88000,0x00000007d9f00000)
  to   space 10752K, 0% used [0x00000007d9f80000,0x00000007d9f80000,0x00000007daa00000)
 ParOldGen       total 127488K, used 10328K [0x0000000744c00000, 0x000000074c880000, 0x00000007c1900000)
  object space 127488K, 8% used [0x0000000744c00000,0x0000000745616180,0x000000074c880000)
 PSPermGen       total 25088K, used 24761K [0x000000073a600000, 0x000000073be80000, 0x0000000744c00000)
  object space 25088K, 98% used [0x000000073a600000,0x000000073be2e560,0x000000073be80000)

Card table byte_map: [0x00007f6ecc4bc000,0x00007f6eccaea000] byte_map_base: 0x00007f6ec8ae9000

Polling page: 0x00007f6ecfac5000

Code Cache  [0x00007f6ec2000000, 0x00007f6ec24a0000, 0x00007f6ec8000000)
 total_blobs=2309 nmethods=1991 adapters=252 free_code_cache=93631Kb largest_free_block=95879040

Compilation events (10 events):
Event: 3.387 Thread 0x00007f6ec80b9000 1990       1       java.util.LinkedList::add (7 bytes)
Event: 3.387 Thread 0x00007f6ec80b9000 nmethod 1990 0x00007f6ec248e290 code [0x00007f6ec248e3e0, 0x00007f6ec248e548]
Event: 3.387 Thread 0x00007f6ec80b9000 1991       1       java.util.AbstractList$Itr::hasNext (20 bytes)
Event: 3.388 Thread 0x00007f6ec80b9000 nmethod 1991 0x00007f6ec248e5d0 code [0x00007f6ec248e740, 0x00007f6ec248e8c8]
Event: 3.388 Thread 0x00007f6ec80b9000 1992   !   1       org.apache.maven.model.interpolation.StringSearchModelInterpolator$InterpolateObjectAction::interpolateCollectionField (204 bytes)
Event: 3.388 Thread 0x00007f6ec80b9000 nmethod 1992 0x00007f6ec248e950 code [0x00007f6ec248eb80, 0x00007f6ec248f1b8]
Event: 3.391 Thread 0x00007f6ec80b9000 1993       1       java.util.regex.Matcher::matches (10 bytes)
Event: 3.391 Thread 0x00007f6ec80b9000 nmethod 1993 0x00007f6ec248f710 code [0x00007f6ec248f860, 0x00007f6ec248f9c8]
Event: 3.391 Thread 0x00007f6ec80b9000 1994       1       java.lang.String::getBytes (27 bytes)
Event: 3.391 Thread 0x00007f6ec80b9000 nmethod 1994 0x00007f6ec248fa50 code [0x00007f6ec248fbc0, 0x00007f6ec248fdb8]

GC Heap History (10 events):
Event: 2.276 GC heap after
Heap after GC invocations=4 (full 0):
 PSYoungGen      total 104960K, used 7664K [0x00000007c1900000, 0x00000007c8700000, 0x0000000800000000)
  eden space 97280K, 0% used [0x00000007c1900000,0x00000007c1900000,0x00000007c7800000)
  from space 7680K, 99% used [0x00000007c7f80000,0x00000007c86fc010,0x00000007c8700000)
  to   space 7680K, 0% used [0x00000007c7800000,0x00000007c7800000,0x00000007c7f80000)
 ParOldGen       total 127488K, used 1692K [0x0000000744c00000, 0x000000074c880000, 0x00000007c1900000)
  object space 127488K, 1% used [0x0000000744c00000,0x0000000744da72a0,0x000000074c880000)
 PSPermGen       total 21504K, used 20728K [0x000000073a600000, 0x000000073bb00000, 0x0000000744c00000)
  object space 21504K, 96% used [0x000000073a600000,0x000000073ba3e1c8,0x000000073bb00000)
}
Event: 2.445 GC heap before
{Heap before GC invocations=5 (full 0):
 PSYoungGen      total 104960K, used 104944K [0x00000007c1900000, 0x00000007c8700000, 0x0000000800000000)
  eden space 97280K, 100% used [0x00000007c1900000,0x00000007c7800000,0x00000007c7800000)
  from space 7680K, 99% used [0x00000007c7f80000,0x00000007c86fc010,0x00000007c8700000)
  to   space 7680K, 0% used [0x00000007c7800000,0x00000007c7800000,0x00000007c7f80000)
 ParOldGen       total 127488K, used 1692K [0x0000000744c00000, 0x000000074c880000, 0x00000007c1900000)
  object space 127488K, 1% used [0x0000000744c00000,0x0000000744da72a0,0x000000074c880000)
 PSPermGen       total 21504K, used 20728K [0x000000073a600000, 0x000000073bb00000, 0x0000000744c00000)
  object space 21504K, 96% used [0x000000073a600000,0x000000073ba3e1c8,0x000000073bb00000)
Event: 2.454 GC heap after
Heap after GC invocations=5 (full 0):
 PSYoungGen      total 104960K, used 7648K [0x00000007c1900000, 0x00000007cec00000, 0x0000000800000000)
  eden space 97280K, 0% used [0x00000007c1900000,0x00000007c1900000,0x00000007c7800000)
  from space 7680K, 99% used [0x00000007c7800000,0x00000007c7f78020,0x00000007c7f80000)
  to   space 10752K, 0% used [0x00000007ce180000,0x00000007ce180000,0x00000007cec00000)
 ParOldGen       total 127488K, used 3148K [0x0000000744c00000, 0x000000074c880000, 0x00000007c1900000)
  object space 127488K, 2% used [0x0000000744c00000,0x0000000744f132a0,0x000000074c880000)
 PSPermGen       total 21504K, used 20728K [0x000000073a600000, 0x000000073bb00000, 0x0000000744c00000)
  object space 21504K, 96% used [0x000000073a600000,0x000000073ba3e1c8,0x000000073bb00000)
}
Event: 2.626 GC heap before
{Heap before GC invocations=6 (full 0):
 PSYoungGen      total 104960K, used 104928K [0x00000007c1900000, 0x00000007cec00000, 0x0000000800000000)
  eden space 97280K, 100% used [0x00000007c1900000,0x00000007c7800000,0x00000007c7800000)
  from space 7680K, 99% used [0x00000007c7800000,0x00000007c7f78020,0x00000007c7f80000)
  to   space 10752K, 0% used [0x00000007ce180000,0x00000007ce180000,0x00000007cec00000)
 ParOldGen       total 127488K, used 3148K [0x0000000744c00000, 0x000000074c880000, 0x00000007c1900000)
  object space 127488K, 2% used [0x0000000744c00000,0x0000000744f132a0,0x000000074c880000)
 PSPermGen       total 21504K, used 20848K [0x000000073a600000, 0x000000073bb00000, 0x0000000744c00000)
  object space 21504K, 96% used [0x000000073a600000,0x000000073ba5c000,0x000000073bb00000)
Event: 2.636 GC heap after
Heap after GC invocations=6 (full 0):
 PSYoungGen      total 204800K, used 8992K [0x00000007c1900000, 0x00000007ced00000, 0x0000000800000000)
  eden space 194048K, 0% used [0x00000007c1900000,0x00000007c1900000,0x00000007cd680000)
  from space 10752K, 83% used [0x00000007ce180000,0x00000007cea48020,0x00000007cec00000)
  to   space 11264K, 0% used [0x00000007cd680000,0x00000007cd680000,0x00000007ce180000)
 ParOldGen       total 127488K, used 3148K [0x0000000744c00000, 0x000000074c880000, 0x00000007c1900000)
  object space 127488K, 2% used [0x0000000744c00000,0x0000000744f132a0,0x000000074c880000)
 PSPermGen       total 21504K, used 20848K [0x000000073a600000, 0x000000073bb00000, 0x0000000744c00000)
  object space 21504K, 96% used [0x000000073a600000,0x000000073ba5c000,0x000000073bb00000)
}
Event: 2.816 GC heap before
{Heap before GC invocations=7 (full 0):
 PSYoungGen      total 204800K, used 203040K [0x00000007c1900000, 0x00000007ced00000, 0x0000000800000000)
  eden space 194048K, 100% used [0x00000007c1900000,0x00000007cd680000,0x00000007cd680000)
  from space 10752K, 83% used [0x00000007ce180000,0x00000007cea48020,0x00000007cec00000)
  to   space 11264K, 0% used [0x00000007cd680000,0x00000007cd680000,0x00000007ce180000)
 ParOldGen       total 127488K, used 3148K [0x0000000744c00000, 0x000000074c880000, 0x00000007c1900000)
  object space 127488K, 2% used [0x0000000744c00000,0x0000000744f132a0,0x000000074c880000)
 PSPermGen       total 23040K, used 22945K [0x000000073a600000, 0x000000073bc80000, 0x0000000744c00000)
  object space 23040K, 99% used [0x000000073a600000,0x000000073bc68720,0x000000073bc80000)
Event: 2.825 GC heap after
Heap after GC invocations=7 (full 0):
 PSYoungGen      total 205312K, used 4384K [0x00000007c1900000, 0x00000007dab00000, 0x0000000800000000)
  eden space 194048K, 0% used [0x00000007c1900000,0x00000007c1900000,0x00000007cd680000)
  from space 11264K, 38% used [0x00000007cd680000,0x00000007cdac8000,0x00000007ce180000)
  to   space 11776K, 0% used [0x00000007d9f80000,0x00000007d9f80000,0x00000007dab00000)
 ParOldGen       total 127488K, used 9200K [0x0000000744c00000, 0x000000074c880000, 0x00000007c1900000)
  object space 127488K, 7% used [0x0000000744c00000,0x00000007454fc180,0x000000074c880000)
 PSPermGen       total 23040K, used 22945K [0x000000073a600000, 0x000000073bc80000, 0x0000000744c00000)
  object space 23040K, 99% used [0x000000073a600000,0x000000073bc68720,0x000000073bc80000)
}
Event: 2.959 GC heap before
{Heap before GC invocations=8 (full 0):
 PSYoungGen      total 205312K, used 198432K [0x00000007c1900000, 0x00000007dab00000, 0x0000000800000000)
  eden space 194048K, 100% used [0x00000007c1900000,0x00000007cd680000,0x00000007cd680000)
  from space 11264K, 38% used [0x00000007cd680000,0x00000007cdac8000,0x00000007ce180000)
  to   space 11776K, 0% used [0x00000007d9f80000,0x00000007d9f80000,0x00000007dab00000)
 ParOldGen       total 127488K, used 9200K [0x0000000744c00000, 0x000000074c880000, 0x00000007c1900000)
  object space 127488K, 7% used [0x0000000744c00000,0x00000007454fc180,0x000000074c880000)
 PSPermGen       total 24064K, used 23868K [0x000000073a600000, 0x000000073bd80000, 0x0000000744c00000)
  object space 24064K, 99% used [0x000000073a600000,0x000000073bd4f2e0,0x000000073bd80000)
Event: 2.966 GC heap after
Heap after GC invocations=8 (full 0):
 PSYoungGen      total 398848K, used 6048K [0x00000007c1900000, 0x00000007daa00000, 0x0000000800000000)
  eden space 388096K, 0% used [0x00000007c1900000,0x00000007c1900000,0x00000007d9400000)
  from space 10752K, 56% used [0x00000007d9f80000,0x00000007da568000,0x00000007daa00000)
  to   space 11264K, 0% used [0x00000007d9400000,0x00000007d9400000,0x00000007d9f00000)
 ParOldGen       total 127488K, used 10008K [0x0000000744c00000, 0x000000074c880000, 0x00000007c1900000)
  object space 127488K, 7% used [0x0000000744c00000,0x00000007455c6180,0x000000074c880000)
 PSPermGen       total 24064K, used 23868K [0x000000073a600000, 0x000000073bd80000, 0x0000000744c00000)
  object space 24064K, 99% used [0x000000073a600000,0x000000073bd4f2e0,0x000000073bd80000)
}
Event: 3.988 GC heap before
{Heap before GC invocations=9 (full 0):
 PSYoungGen      total 398848K, used 394144K [0x00000007c1900000, 0x00000007daa00000, 0x0000000800000000)
  eden space 388096K, 100% used [0x00000007c1900000,0x00000007d9400000,0x00000007d9400000)
  from space 10752K, 56% used [0x00000007d9f80000,0x00000007da568000,0x00000007daa00000)
  to   space 11264K, 0% used [0x00000007d9400000,0x00000007d9400000,0x00000007d9f00000)
 ParOldGen       total 127488K, used 10008K [0x0000000744c00000, 0x000000074c880000, 0x00000007c1900000)
  object space 127488K, 7% used [0x0000000744c00000,0x00000007455c6180,0x000000074c880000)
 PSPermGen       total 25088K, used 24761K [0x000000073a600000, 0x000000073be80000, 0x0000000744c00000)
  object space 25088K, 98% used [0x000000073a600000,0x000000073be2e560,0x000000073be80000)

Deoptimization events (0 events):
No events

Internal exceptions (10 events):
Event: 3.119 Thread 0x00007f6ec8247000 Threw 0x00000007ceceff68 at /build/java7-openjdk/src/icedtea-2.4.3/openjdk/hotspot/src/share/vm/runtime/reflection.cpp:1030
Event: 3.437 Thread 0x00007f6ec844c000 Threw 0x00000007d1afaae0 at /build/java7-openjdk/src/icedtea-2.4.3/openjdk/hotspot/src/share/vm/prims/jvm.cpp:1244
Event: 3.437 Thread 0x00007f6ec844c000 Threw 0x00000007d1afbeb8 at /build/java7-openjdk/src/icedtea-2.4.3/openjdk/hotspot/src/share/vm/prims/jvm.cpp:1244
Event: 3.437 Thread 0x00007f6ec844c000 Threw 0x00000007d1afc160 at /build/java7-openjdk/src/icedtea-2.4.3/openjdk/hotspot/src/share/vm/classfile/systemDictionary.cpp:185
Event: 3.438 Thread 0x00007f6ec844c000 Threw 0x00000007d1afcca0 at /build/java7-openjdk/src/icedtea-2.4.3/openjdk/hotspot/src/share/vm/prims/jvm.cpp:1244
Event: 3.438 Thread 0x00007f6ec844c000 Threw 0x00000007d1afde70 at /build/java7-openjdk/src/icedtea-2.4.3/openjdk/hotspot/src/share/vm/prims/jvm.cpp:1244
Event: 3.438 Thread 0x00007f6ec844c000 Threw 0x00000007d1afe0f0 at /build/java7-openjdk/src/icedtea-2.4.3/openjdk/hotspot/src/share/vm/classfile/systemDictionary.cpp:185
Event: 3.442 Thread 0x00007f6ec844c000 Threw 0x00000007d1afeb98 at /build/java7-openjdk/src/icedtea-2.4.3/openjdk/hotspot/src/share/vm/prims/jvm.cpp:1244
Event: 3.442 Thread 0x00007f6ec844c000 Threw 0x00000007d1affd98 at /build/java7-openjdk/src/icedtea-2.4.3/openjdk/hotspot/src/share/vm/prims/jvm.cpp:1244
Event: 3.442 Thread 0x00007f6ec844c000 Threw 0x00000007d1b00020 at /build/java7-openjdk/src/icedtea-2.4.3/openjdk/hotspot/src/share/vm/classfile/systemDictionary.cpp:185

Events (10 events):
Event: 3.470 loading class 0x00007f6e6c24ad10 done
Event: 3.470 loading class 0x00007f6e6c24c530
Event: 3.470 loading class 0x00007f6e6c24c530 done
Event: 3.470 loading class 0x00007f6e6c24c5f0
Event: 3.470 loading class 0x00007f6e6c24c5f0 done
Event: 3.470 loading class 0x00007f6e6c24c670
Event: 3.470 loading class 0x00007f6e6c24c670 done
Event: 3.470 loading class 0x00007f6e6c24c220
Event: 3.470 loading class 0x00007f6e6c24c220 done
Event: 3.494 Executing VM operation: ParallelGCFailedAllocation


Dynamic libraries:
00400000-00401000 r-xp 00000000 08:05 5769798                            /usr/lib/jvm/java-7-openjdk/jre/bin/java
00600000-00601000 rw-p 00000000 08:05 5769798                            /usr/lib/jvm/java-7-openjdk/jre/bin/java
0089c000-008bd000 rw-p 00000000 00:00 0                                  [heap]
73a600000-73bb00000 rw-p 00000000 00:00 0 
73bb00000-73bb80000 rw-p 00000000 00:00 0 
73bb80000-73bc00000 rw-p 00000000 00:00 0 
73bc00000-73bc80000 rw-p 00000000 00:00 0 
73bc80000-73bd00000 rw-p 00000000 00:00 0 
73bd00000-73bd80000 rw-p 00000000 00:00 0 
73bd80000-73be00000 rw-p 00000000 00:00 0 
73be00000-73be80000 rw-p 00000000 00:00 0 
73be80000-744c00000 rw-p 00000000 00:00 0 
744c00000-74c880000 rw-p 00000000 00:00 0 
74c880000-7c1900000 rw-p 00000000 00:00 0 
7c1900000-7c5780000 rw-p 00000000 00:00 0 
7c5780000-7c8700000 rw-p 00000000 00:00 0 
7c8700000-7cec00000 rw-p 00000000 00:00 0 
7cec00000-7ced00000 rw-p 00000000 00:00 0 
7ced00000-7daa00000 rw-p 00000000 00:00 0 
7e8e80000-800000000 rw-p 00000000 00:00 0 
7f6e54000000-7f6e54049000 rw-p 00000000 00:00 0 
7f6e54049000-7f6e58000000 ---p 00000000 00:00 0 
7f6e5c000000-7f6e5c06b000 rw-p 00000000 00:00 0 
7f6e5c06b000-7f6e60000000 ---p 00000000 00:00 0 
7f6e60000000-7f6e60021000 rw-p 00000000 00:00 0 
7f6e60021000-7f6e64000000 ---p 00000000 00:00 0 
7f6e64000000-7f6e64021000 rw-p 00000000 00:00 0 
7f6e64021000-7f6e68000000 ---p 00000000 00:00 0 
7f6e68000000-7f6e680db000 rw-p 00000000 00:00 0 
7f6e680db000-7f6e6c000000 ---p 00000000 00:00 0 
7f6e6c000000-7f6e6c32b000 rw-p 00000000 00:00 0 
7f6e6c32b000-7f6e70000000 ---p 00000000 00:00 0 
7f6e70000000-7f6e70021000 rw-p 00000000 00:00 0 
7f6e70021000-7f6e74000000 ---p 00000000 00:00 0 
7f6e74000000-7f6e74021000 rw-p 00000000 00:00 0 
7f6e74021000-7f6e78000000 ---p 00000000 00:00 0 
7f6e78000000-7f6e78021000 rw-p 00000000 00:00 0 
7f6e78021000-7f6e7c000000 ---p 00000000 00:00 0 
7f6e7c000000-7f6e7c021000 rw-p 00000000 00:00 0 
7f6e7c021000-7f6e80000000 ---p 00000000 00:00 0 
7f6e80000000-7f6e80021000 rw-p 00000000 00:00 0 
7f6e80021000-7f6e84000000 ---p 00000000 00:00 0 
7f6e84000000-7f6e84021000 rw-p 00000000 00:00 0 
7f6e84021000-7f6e88000000 ---p 00000000 00:00 0 
7f6e88000000-7f6e88021000 rw-p 00000000 00:00 0 
7f6e88021000-7f6e8c000000 ---p 00000000 00:00 0 
7f6e8c000000-7f6e8c021000 rw-p 00000000 00:00 0 
7f6e8c021000-7f6e90000000 ---p 00000000 00:00 0 
7f6e91d30000-7f6e98000000 rw-p 00000000 00:00 0 
7f6e98000000-7f6e98021000 rw-p 00000000 00:00 0 
7f6e98021000-7f6e9c000000 ---p 00000000 00:00 0 
7f6e9f6c5000-7f6e9f6c8000 ---p 00000000 00:00 0 
7f6e9f6c8000-7f6e9f7c6000 rw-p 00000000 00:00 0                          [stack:20012]
7f6e9f7c6000-7f6e9f7c9000 ---p 00000000 00:00 0 
7f6e9f7c9000-7f6e9f8c7000 rw-p 00000000 00:00 0                          [stack:20011]
7f6e9f8c7000-7f6e9f8ca000 ---p 00000000 00:00 0 
7f6e9f8ca000-7f6e9f9c8000 rw-p 00000000 00:00 0                          [stack:20010]
7f6e9f9c8000-7f6e9f9cb000 ---p 00000000 00:00 0 
7f6e9f9cb000-7f6e9fac9000 rw-p 00000000 00:00 0                          [stack:20009]
7f6e9fac9000-7f6e9fb3f000 r-xp 00000000 08:05 2911445                    /usr/lib/libfreebl3.so
7f6e9fb3f000-7f6e9fd3e000 ---p 00076000 08:05 2911445                    /usr/lib/libfreebl3.so
7f6e9fd3e000-7f6e9fd40000 r--p 00075000 08:05 2911445                    /usr/lib/libfreebl3.so
7f6e9fd40000-7f6e9fd41000 rw-p 00077000 08:05 2911445                    /usr/lib/libfreebl3.so
7f6e9fd41000-7f6e9fd45000 rw-p 00000000 00:00 0 
7f6e9fd45000-7f6e9fdfb000 r-xp 00000000 08:05 2901756                    /usr/lib/libsqlite3.so.0.8.6
7f6e9fdfb000-7f6e9fffb000 ---p 000b6000 08:05 2901756                    /usr/lib/libsqlite3.so.0.8.6
7f6e9fffb000-7f6e9fffd000 r--p 000b6000 08:05 2901756                    /usr/lib/libsqlite3.so.0.8.6
7f6e9fffd000-7f6ea0000000 rw-p 000b8000 08:05 2901756                    /usr/lib/libsqlite3.so.0.8.6
7f6ea0000000-7f6ea0021000 rw-p 00000000 00:00 0 
7f6ea0021000-7f6ea4000000 ---p 00000000 00:00 0 
7f6ea40f8000-7f6ea413a000 r-xp 00000000 08:05 2911452                    /usr/lib/libsoftokn3.so
7f6ea413a000-7f6ea4339000 ---p 00042000 08:05 2911452                    /usr/lib/libsoftokn3.so
7f6ea4339000-7f6ea433b000 r--p 00041000 08:05 2911452                    /usr/lib/libsoftokn3.so
7f6ea433b000-7f6ea433c000 rw-p 00043000 08:05 2911452                    /usr/lib/libsoftokn3.so
7f6ea433c000-7f6ea4375000 r-xp 00000000 08:05 2908646                    /usr/lib/libnspr4.so
7f6ea4375000-7f6ea4575000 ---p 00039000 08:05 2908646                    /usr/lib/libnspr4.so
7f6ea4575000-7f6ea4576000 r--p 00039000 08:05 2908646                    /usr/lib/libnspr4.so
7f6ea4576000-7f6ea4578000 rw-p 0003a000 08:05 2908646                    /usr/lib/libnspr4.so
7f6ea4578000-7f6ea457a000 rw-p 00000000 00:00 0 
7f6ea457a000-7f6ea457d000 r-xp 00000000 08:05 2908647                    /usr/lib/libplds4.so
7f6ea457d000-7f6ea477c000 ---p 00003000 08:05 2908647                    /usr/lib/libplds4.so
7f6ea477c000-7f6ea477d000 r--p 00002000 08:05 2908647                    /usr/lib/libplds4.so
7f6ea477d000-7f6ea477e000 rw-p 00003000 08:05 2908647                    /usr/lib/libplds4.so
7f6ea477e000-7f6ea4782000 r-xp 00000000 08:05 2908648                    /usr/lib/libplc4.so
7f6ea4782000-7f6ea4981000 ---p 00004000 08:05 2908648                    /usr/lib/libplc4.so
7f6ea4981000-7f6ea4982000 r--p 00003000 08:05 2908648                    /usr/lib/libplc4.so
7f6ea4982000-7f6ea4983000 rw-p 00004000 08:05 2908648                    /usr/lib/libplc4.so
7f6ea4983000-7f6ea49a8000 r-xp 00000000 08:05 2911450                    /usr/lib/libnssutil3.so
7f6ea49a8000-7f6ea4ba8000 ---p 00025000 08:05 2911450                    /usr/lib/libnssutil3.so
7f6ea4ba8000-7f6ea4bae000 r--p 00025000 08:05 2911450                    /usr/lib/libnssutil3.so
7f6ea4bae000-7f6ea4baf000 rw-p 0002b000 08:05 2911450                    /usr/lib/libnssutil3.so
7f6ea4baf000-7f6ea4ce5000 r-xp 00000000 08:05 2911446                    /usr/lib/libnss3.so
7f6ea4ce5000-7f6ea4ee5000 ---p 00136000 08:05 2911446                    /usr/lib/libnss3.so
7f6ea4ee5000-7f6ea4eea000 r--p 00136000 08:05 2911446                    /usr/lib/libnss3.so
7f6ea4eea000-7f6ea4eed000 rw-p 0013b000 08:05 2911446                    /usr/lib/libnss3.so
7f6ea4eed000-7f6ea4eee000 rw-p 00000000 00:00 0 
7f6ea4eee000-7f6ea4efe000 r-xp 00000000 08:05 5769776                    /usr/lib/jvm/java-7-openjdk/jre/lib/amd64/libj2pkcs11.so
7f6ea4efe000-7f6ea50fd000 ---p 00010000 08:05 5769776                    /usr/lib/jvm/java-7-openjdk/jre/lib/amd64/libj2pkcs11.so
7f6ea50fd000-7f6ea50fe000 rw-p 0000f000 08:05 5769776                    /usr/lib/jvm/java-7-openjdk/jre/lib/amd64/libj2pkcs11.so
7f6ea50fe000-7f6ea512f000 rw-p 00000000 00:00 0 
7f6ea512f000-7f6ea5143000 r-xp 00000000 08:05 2886878                    /usr/lib/libresolv-2.18.so
7f6ea5143000-7f6ea5342000 ---p 00014000 08:05 2886878                    /usr/lib/libresolv-2.18.so
7f6ea5342000-7f6ea5343000 r--p 00013000 08:05 2886878                    /usr/lib/libresolv-2.18.so
7f6ea5343000-7f6ea5344000 rw-p 00014000 08:05 2886878                    /usr/lib/libresolv-2.18.so
7f6ea5344000-7f6ea5346000 rw-p 00000000 00:00 0 
7f6ea5346000-7f6ea53ac000 r-xp 00000000 08:05 2893565                    /usr/lib/libpcre.so.1.2.2
7f6ea53ac000-7f6ea55ab000 ---p 00066000 08:05 2893565                    /usr/lib/libpcre.so.1.2.2
7f6ea55ab000-7f6ea55ac000 r--p 00065000 08:05 2893565                    /usr/lib/libpcre.so.1.2.2
7f6ea55ac000-7f6ea55ad000 rw-p 00066000 08:05 2893565                    /usr/lib/libpcre.so.1.2.2
7f6ea55ad000-7f6ea55b0000 r-xp 00000000 08:05 2893684                    /usr/lib/libgmodule-2.0.so.0.3800.2
7f6ea55b0000-7f6ea57af000 ---p 00003000 08:05 2893684                    /usr/lib/libgmodule-2.0.so.0.3800.2
7f6ea57af000-7f6ea57b0000 r--p 00002000 08:05 2893684                    /usr/lib/libgmodule-2.0.so.0.3800.2
7f6ea57b0000-7f6ea57b1000 rw-p 00003000 08:05 2893684                    /usr/lib/libgmodule-2.0.so.0.3800.2
7f6ea57b1000-7f6ea57b8000 r-xp 00000000 08:05 2893587                    /usr/lib/libffi.so.6.0.1
7f6ea57b8000-7f6ea59b7000 ---p 00007000 08:05 2893587                    /usr/lib/libffi.so.6.0.1
7f6ea59b7000-7f6ea59b8000 r--p 00006000 08:05 2893587                    /usr/lib/libffi.so.6.0.1
7f6ea59b8000-7f6ea59b9000 rw-p 00007000 08:05 2893587                    /usr/lib/libffi.so.6.0.1
7f6ea59b9000-7f6ea5ab7000 r-xp 00000000 08:05 2893683                    /usr/lib/libglib-2.0.so.0.3800.2
7f6ea5ab7000-7f6ea5cb6000 ---p 000fe000 08:05 2893683                    /usr/lib/libglib-2.0.so.0.3800.2
7f6ea5cb6000-7f6ea5cb7000 r--p 000fd000 08:05 2893683                    /usr/lib/libglib-2.0.so.0.3800.2
7f6ea5cb7000-7f6ea5cb8000 rw-p 000fe000 08:05 2893683                    /usr/lib/libglib-2.0.so.0.3800.2
7f6ea5cb8000-7f6ea5cb9000 rw-p 00000000 00:00 0 
7f6ea5cb9000-7f6ea5d08000 r-xp 00000000 08:05 2893686                    /usr/lib/libgobject-2.0.so.0.3800.2
7f6ea5d08000-7f6ea5f08000 ---p 0004f000 08:05 2893686                    /usr/lib/libgobject-2.0.so.0.3800.2
7f6ea5f08000-7f6ea5f09000 r--p 0004f000 08:05 2893686                    /usr/lib/libgobject-2.0.so.0.3800.2
7f6ea5f09000-7f6ea5f0a000 rw-p 00050000 08:05 2893686                    /usr/lib/libgobject-2.0.so.0.3800.2
7f6ea5f0a000-7f6ea6064000 r-xp 00000000 08:05 2893687                    /usr/lib/libgio-2.0.so.0.3800.2
7f6ea6064000-7f6ea6264000 ---p 0015a000 08:05 2893687                    /usr/lib/libgio-2.0.so.0.3800.2
7f6ea6264000-7f6ea6268000 r--p 0015a000 08:05 2893687                    /usr/lib/libgio-2.0.so.0.3800.2
7f6ea6268000-7f6ea626a000 rw-p 0015e000 08:05 2893687                    /usr/lib/libgio-2.0.so.0.3800.2
7f6ea626a000-7f6ea626c000 rw-p 00000000 00:00 0 
7f6ea628c000-7f6ea6299000 r--s 0010f000 08:05 5769242                    /usr/lib/jvm/java-7-openjdk/jre/lib/rhino.jar
7f6ea6299000-7f6ea62af000 r-xp 00000000 08:05 5769767                    /usr/lib/jvm/java-7-openjdk/jre/lib/amd64/libnet.so
7f6ea62af000-7f6ea64af000 ---p 00016000 08:05 5769767                    /usr/lib/jvm/java-7-openjdk/jre/lib/amd64/libnet.so
7f6ea64af000-7f6ea64b0000 rw-p 00016000 08:05 5769767                    /usr/lib/jvm/java-7-openjdk/jre/lib/amd64/libnet.so
7f6ea64b0000-7f6ea64c0000 r-xp 00000000 08:05 5769768                    /usr/lib/jvm/java-7-openjdk/jre/lib/amd64/libnio.so
7f6ea64c0000-7f6ea66c0000 ---p 00010000 08:05 5769768                    /usr/lib/jvm/java-7-openjdk/jre/lib/amd64/libnio.so
7f6ea66c0000-7f6ea66c1000 rw-p 00010000 08:05 5769768                    /usr/lib/jvm/java-7-openjdk/jre/lib/amd64/libnio.so
7f6ea66c1000-7f6ea66c2000 ---p 00000000 00:00 0 
7f6ea66c2000-7f6ea67c2000 rw-p 00000000 00:00 0                          [stack:20007]
7f6ea67c2000-7f6ea67c5000 ---p 00000000 00:00 0 
7f6ea67c5000-7f6ea68c3000 rw-p 00000000 00:00 0                          [stack:20006]
7f6ea68c3000-7f6ea68c6000 ---p 00000000 00:00 0 
7f6ea68c6000-7f6ea69c4000 rw-p 00000000 00:00 0                          [stack:20005]
7f6ea69c4000-7f6ea69c7000 ---p 00000000 00:00 0 
7f6ea69c7000-7f6ea6ac5000 rw-p 00000000 00:00 0                          [stack:20004]
7f6ea6ac5000-7f6ea6ac8000 ---p 00000000 00:00 0 
7f6ea6ac8000-7f6ea6bc6000 rw-p 00000000 00:00 0                          [stack:20003]
7f6ea6bc6000-7f6ea6bc9000 ---p 00000000 00:00 0 
7f6ea6bc9000-7f6ea6cc7000 rw-p 00000000 00:00 0                          [stack:20002]
7f6ea6cc7000-7f6ea6cca000 ---p 00000000 00:00 0 
7f6ea6cca000-7f6ea6dc8000 rw-p 00000000 00:00 0                          [stack:20001]
7f6ea6dc8000-7f6ea6f8d000 r--p 00000000 08:05 2923618                    /usr/lib/locale/locale-archive
7f6ea6f8d000-7f6ea6f90000 ---p 00000000 00:00 0 
7f6ea6f90000-7f6ea708e000 rw-p 00000000 00:00 0                          [stack:20000]
7f6ea708e000-7f6ea7091000 ---p 00000000 00:00 0 
7f6ea7091000-7f6ea718f000 rw-p 00000000 00:00 0                          [stack:19999]
7f6ea718f000-7f6ea7190000 ---p 00000000 00:00 0 
7f6ea7190000-7f6ea7290000 rw-p 00000000 00:00 0                          [stack:19998]
7f6ea7290000-7f6ea7391000 rw-p 00000000 00:00 0 
7f6ea7391000-7f6ea7492000 rw-p 00000000 00:00 0 
7f6ea7492000-7f6ea7593000 rw-p 00000000 00:00 0 
7f6ea7593000-7f6ea7694000 rw-p 00000000 00:00 0 
7f6ea7694000-7f6ea7795000 rw-p 00000000 00:00 0 
7f6ea7795000-7f6ea7896000 rw-p 00000000 00:00 0 
7f6ea7896000-7f6ea7997000 rw-p 00000000 00:00 0 
7f6ea7997000-7f6ea7a98000 rw-p 00000000 00:00 0 
7f6ea7a98000-7f6ea7b99000 rw-p 00000000 00:00 0 
7f6ea7b99000-7f6ea7bba000 rw-p 00000000 00:00 0 
7f6ea7bba000-7f6ea7cbb000 rw-p 00000000 00:00 0 
7f6ea7cbb000-7f6ea7cdc000 rw-p 00000000 00:00 0 
7f6ea7cdc000-7f6ea7ddd000 rw-p 00000000 00:00 0 
7f6ea7ddd000-7f6ea7dfe000 rw-p 00000000 00:00 0 
7f6ea7dfe000-7f6ea7eff000 rw-p 00000000 00:00 0 
7f6ea7eff000-7f6ea8000000 rw-p 00000000 00:00 0 
7f6ea8000000-7f6ea8021000 rw-p 00000000 00:00 0 
7f6ea8021000-7f6eac000000 ---p 00000000 00:00 0 
7f6eac000000-7f6eac021000 rw-p 00000000 00:00 0 
7f6eac021000-7f6eb0000000 ---p 00000000 00:00 0 
7f6eb0000000-7f6eb0021000 rw-p 00000000 00:00 0 
7f6eb0021000-7f6eb4000000 ---p 00000000 00:00 0 
7f6eb4000000-7f6eb4021000 rw-p 00000000 00:00 0 
7f6eb4021000-7f6eb8000000 ---p 00000000 00:00 0 
7f6eb8000000-7f6eb8021000 rw-p 00000000 00:00 0 
7f6eb8021000-7f6ebc000000 ---p 00000000 00:00 0 
7f6ebc000000-7f6ebc021000 rw-p 00000000 00:00 0 
7f6ebc021000-7f6ec0000000 ---p 00000000 00:00 0 
7f6ec0004000-7f6ec000f000 r--s 00203000 08:05 5769236                    /usr/lib/jvm/java-7-openjdk/jre/lib/charsets.jar
7f6ec000f000-7f6ec0030000 rw-p 00000000 00:00 0 
7f6ec0030000-7f6ec0051000 rw-p 00000000 00:00 0 
7f6ec0051000-7f6ec0152000 rw-p 00000000 00:00 0 
7f6ec0152000-7f6ec0173000 rw-p 00000000 00:00 0 
7f6ec0173000-7f6ec0274000 rw-p 00000000 00:00 0 
7f6ec0274000-7f6ec0295000 rw-p 00000000 00:00 0 
7f6ec0295000-7f6ec0396000 rw-p 00000000 00:00 0 
7f6ec0396000-7f6ec03b7000 rw-p 00000000 00:00 0 
7f6ec03b7000-7f6ec04b8000 rw-p 00000000 00:00 0 
7f6ec04b8000-7f6ec05b9000 rw-p 00000000 00:00 0 
7f6ec05b9000-7f6ec06ba000 rw-p 00000000 00:00 0 
7f6ec06ba000-7f6ec07bb000 rw-p 00000000 00:00 0 
7f6ec07bb000-7f6ec08bc000 rw-p 00000000 00:00 0 
7f6ec08bc000-7f6ec09bd000 rw-p 00000000 00:00 0 
7f6ec09bd000-7f6ec0abe000 rw-p 00000000 00:00 0 
7f6ec0abe000-7f6ec0bbf000 rw-p 00000000 00:00 0 
7f6ec0bbf000-7f6ec0cc0000 rw-p 00000000 00:00 0 
7f6ec0cc0000-7f6ec0dc1000 rw-p 00000000 00:00 0 
7f6ec0dc1000-7f6ec0ec2000 rw-p 00000000 00:00 0 
7f6ec0ec2000-7f6ec0eec000 rw-p 00000000 00:00 0 
7f6ec0eec000-7f6ec0fd5000 r--s 00c25000 08:05 62915201                   /home/jesse/.lein/self-installs/leiningen-2.3.4-standalone.jar
7f6ec0fd5000-7f6ec101d000 rw-p 00000000 00:00 0 
7f6ec101d000-7f6ec11cb000 r--s 01ced000 08:05 5769239                    /usr/lib/jvm/java-7-openjdk/jre/lib/rt.jar
7f6ec11cb000-7f6ec17f8000 rw-p 00000000 00:00 0 
7f6ec17f8000-7f6ec17f9000 ---p 00000000 00:00 0 
7f6ec17f9000-7f6ec18f9000 rw-p 00000000 00:00 0                          [stack:19997]
7f6ec18f9000-7f6ec18fa000 ---p 00000000 00:00 0 
7f6ec18fa000-7f6ec19fa000 rw-p 00000000 00:00 0                          [stack:19996]
7f6ec19fa000-7f6ec19fb000 ---p 00000000 00:00 0 
7f6ec19fb000-7f6ec1afb000 rw-p 00000000 00:00 0                          [stack:19995]
7f6ec1afb000-7f6ec1afc000 ---p 00000000 00:00 0 
7f6ec1afc000-7f6ec1bfc000 rw-p 00000000 00:00 0                          [stack:19994]
7f6ec1bfc000-7f6ec1bfd000 ---p 00000000 00:00 0 
7f6ec1bfd000-7f6ec1cfd000 rw-p 00000000 00:00 0                          [stack:19993]
7f6ec1cfd000-7f6ec1cfe000 ---p 00000000 00:00 0 
7f6ec1cfe000-7f6ec1dfe000 rw-p 00000000 00:00 0                          [stack:19992]
7f6ec1dfe000-7f6ec1dff000 ---p 00000000 00:00 0 
7f6ec1dff000-7f6ec1eff000 rw-p 00000000 00:00 0                          [stack:19991]
7f6ec1eff000-7f6ec1f00000 ---p 00000000 00:00 0 
7f6ec1f00000-7f6ec2000000 rw-p 00000000 00:00 0                          [stack:19990]
7f6ec2000000-7f6ec2270000 rwxp 00000000 00:00 0 
7f6ec2270000-7f6ec2280000 rwxp 00000000 00:00 0 
7f6ec2280000-7f6ec2290000 rwxp 00000000 00:00 0 
7f6ec2290000-7f6ec22a0000 rwxp 00000000 00:00 0 
7f6ec22a0000-7f6ec22b0000 rwxp 00000000 00:00 0 
7f6ec22b0000-7f6ec22c0000 rwxp 00000000 00:00 0 
7f6ec22c0000-7f6ec22d0000 rwxp 00000000 00:00 0 
7f6ec22d0000-7f6ec22e0000 rwxp 00000000 00:00 0 
7f6ec22e0000-7f6ec22f0000 rwxp 00000000 00:00 0 
7f6ec22f0000-7f6ec2300000 rwxp 00000000 00:00 0 
7f6ec2300000-7f6ec2310000 rwxp 00000000 00:00 0 
7f6ec2310000-7f6ec2320000 rwxp 00000000 00:00 0 
7f6ec2320000-7f6ec2330000 rwxp 00000000 00:00 0 
7f6ec2330000-7f6ec2340000 rwxp 00000000 00:00 0 
7f6ec2340000-7f6ec2350000 rwxp 00000000 00:00 0 
7f6ec2350000-7f6ec2360000 rwxp 00000000 00:00 0 
7f6ec2360000-7f6ec2370000 rwxp 00000000 00:00 0 
7f6ec2370000-7f6ec2380000 rwxp 00000000 00:00 0 
7f6ec2380000-7f6ec2390000 rwxp 00000000 00:00 0 
7f6ec2390000-7f6ec23a0000 rwxp 00000000 00:00 0 
7f6ec23a0000-7f6ec23b0000 rwxp 00000000 00:00 0 
7f6ec23b0000-7f6ec23c0000 rwxp 00000000 00:00 0 
7f6ec23c0000-7f6ec23d0000 rwxp 00000000 00:00 0 
7f6ec23d0000-7f6ec23e0000 rwxp 00000000 00:00 0 
7f6ec23e0000-7f6ec23f0000 rwxp 00000000 00:00 0 
7f6ec23f0000-7f6ec2400000 rwxp 00000000 00:00 0 
7f6ec2400000-7f6ec2410000 rwxp 00000000 00:00 0 
7f6ec2410000-7f6ec2420000 rwxp 00000000 00:00 0 
7f6ec2420000-7f6ec2430000 rwxp 00000000 00:00 0 
7f6ec2430000-7f6ec2440000 rwxp 00000000 00:00 0 
7f6ec2440000-7f6ec2450000 rwxp 00000000 00:00 0 
7f6ec2450000-7f6ec2460000 rwxp 00000000 00:00 0 
7f6ec2460000-7f6ec2470000 rwxp 00000000 00:00 0 
7f6ec2470000-7f6ec2480000 rwxp 00000000 00:00 0 
7f6ec2480000-7f6ec2490000 rwxp 00000000 00:00 0 
7f6ec2490000-7f6ec24a0000 rwxp 00000000 00:00 0 
7f6ec24a0000-7f6ec8000000 rw-p 00000000 00:00 0 
7f6ec8000000-7f6ec84c8000 rw-p 00000000 00:00 0 
7f6ec84c8000-7f6ecc000000 ---p 00000000 00:00 0 
7f6ecc004000-7f6ecc07a000 rw-p 00000000 00:00 0 
7f6ecc07a000-7f6ecc0d5000 rw-p 00000000 00:00 0 
7f6ecc0d5000-7f6ecc114000 rw-p 00000000 00:00 0 
7f6ecc114000-7f6ecc4bc000 rw-p 00000000 00:00 0 
7f6ecc4bc000-7f6ecc4c7000 rw-p 00000000 00:00 0 
7f6ecc4c7000-7f6ecc4c8000 rw-p 00000000 00:00 0 
7f6ecc4c8000-7f6ecc4c9000 rw-p 00000000 00:00 0 
7f6ecc4c9000-7f6ecc50f000 rw-p 00000000 00:00 0 
7f6ecc50f000-7f6ecc54e000 rw-p 00000000 00:00 0 
7f6ecc54e000-7f6ecc8f5000 rw-p 00000000 00:00 0 
7f6ecc8f5000-7f6ecc915000 rw-p 00000000 00:00 0 
7f6ecc915000-7f6ecc92d000 rw-p 00000000 00:00 0 
7f6ecc92d000-7f6ecc95f000 rw-p 00000000 00:00 0 
7f6ecc95f000-7f6ecc960000 rw-p 00000000 00:00 0 
7f6ecc960000-7f6ecc9be000 rw-p 00000000 00:00 0 
7f6ecc9be000-7f6ecc9bf000 ---p 00000000 00:00 0 
7f6ecc9bf000-7f6eccae9000 rw-p 00000000 00:00 0 
7f6eccae9000-7f6eccaea000 rw-p 00000000 00:00 0 
7f6eccaea000-7f6eccaf4000 rw-p 00000000 00:00 0 
7f6eccaf4000-7f6eccaf5000 rw-p 00000000 00:00 0 
7f6eccaf5000-7f6eccaf6000 rw-p 00000000 00:00 0 
7f6eccaf6000-7f6eccaf7000 rw-p 00000000 00:00 0 
7f6eccaf7000-7f6eccaf8000 rw-p 00000000 00:00 0 
7f6eccaf8000-7f6eccaf9000 rw-p 00000000 00:00 0 
7f6eccaf9000-7f6eccafa000 rw-p 00000000 00:00 0 
7f6eccafa000-7f6eccafb000 rw-p 00000000 00:00 0 
7f6eccafb000-7f6eccafc000 rw-p 00000000 00:00 0 
7f6eccafc000-7f6eccafd000 rw-p 00000000 00:00 0 
7f6eccafd000-7f6eccc6a000 rw-p 00000000 00:00 0 
7f6eccc6a000-7f6eccc72000 r-xp 00000000 08:05 5769766                    /usr/lib/jvm/java-7-openjdk/jre/lib/amd64/libzip.so
7f6eccc72000-7f6ecce71000 ---p 00008000 08:05 5769766                    /usr/lib/jvm/java-7-openjdk/jre/lib/amd64/libzip.so
7f6ecce71000-7f6ecce72000 rw-p 00007000 08:05 5769766                    /usr/lib/jvm/java-7-openjdk/jre/lib/amd64/libzip.so
7f6ecce72000-7f6ecce7d000 r-xp 00000000 08:05 2886834                    /usr/lib/libnss_files-2.18.so
7f6ecce7d000-7f6ecd07d000 ---p 0000b000 08:05 2886834                    /usr/lib/libnss_files-2.18.so
7f6ecd07d000-7f6ecd07e000 r--p 0000b000 08:05 2886834                    /usr/lib/libnss_files-2.18.so
7f6ecd07e000-7f6ecd07f000 rw-p 0000c000 08:05 2886834                    /usr/lib/libnss_files-2.18.so
7f6ecd07f000-7f6ecd0aa000 r-xp 00000000 08:05 5769765                    /usr/lib/jvm/java-7-openjdk/jre/lib/amd64/libjava.so
7f6ecd0aa000-7f6ecd2aa000 ---p 0002b000 08:05 5769765                    /usr/lib/jvm/java-7-openjdk/jre/lib/amd64/libjava.so
7f6ecd2aa000-7f6ecd2ac000 rw-p 0002b000 08:05 5769765                    /usr/lib/jvm/java-7-openjdk/jre/lib/amd64/libjava.so
7f6ecd2ac000-7f6ecd2b9000 r-xp 00000000 08:05 5769764                    /usr/lib/jvm/java-7-openjdk/jre/lib/amd64/libverify.so
7f6ecd2b9000-7f6ecd4b8000 ---p 0000d000 08:05 5769764                    /usr/lib/jvm/java-7-openjdk/jre/lib/amd64/libverify.so
7f6ecd4b8000-7f6ecd4ba000 rw-p 0000c000 08:05 5769764                    /usr/lib/jvm/java-7-openjdk/jre/lib/amd64/libverify.so
7f6ecd4ba000-7f6ecd4c1000 r-xp 00000000 08:05 2886896                    /usr/lib/librt-2.18.so
7f6ecd4c1000-7f6ecd6c0000 ---p 00007000 08:05 2886896                    /usr/lib/librt-2.18.so
7f6ecd6c0000-7f6ecd6c1000 r--p 00006000 08:05 2886896                    /usr/lib/librt-2.18.so
7f6ecd6c1000-7f6ecd6c2000 rw-p 00007000 08:05 2886896                    /usr/lib/librt-2.18.so
7f6ecd6c2000-7f6ecd6d7000 r-xp 00000000 08:05 2889892                    /usr/lib/libgcc_s.so.1
7f6ecd6d7000-7f6ecd8d7000 ---p 00015000 08:05 2889892                    /usr/lib/libgcc_s.so.1
7f6ecd8d7000-7f6ecd8d8000 rw-p 00015000 08:05 2889892                    /usr/lib/libgcc_s.so.1
7f6ecd8d8000-7f6ecd9d9000 r-xp 00000000 08:05 2886866                    /usr/lib/libm-2.18.so
7f6ecd9d9000-7f6ecdbd9000 ---p 00101000 08:05 2886866                    /usr/lib/libm-2.18.so
7f6ecdbd9000-7f6ecdbda000 r--p 00101000 08:05 2886866                    /usr/lib/libm-2.18.so
7f6ecdbda000-7f6ecdbdb000 rw-p 00102000 08:05 2886866                    /usr/lib/libm-2.18.so
7f6ecdbdb000-7f6ecdcc1000 r-xp 00000000 08:05 2900465                    /usr/lib/libstdc++.so.6.0.18
7f6ecdcc1000-7f6ecdec0000 ---p 000e6000 08:05 2900465                    /usr/lib/libstdc++.so.6.0.18
7f6ecdec0000-7f6ecdec8000 r--p 000e5000 08:05 2900465                    /usr/lib/libstdc++.so.6.0.18
7f6ecdec8000-7f6ecdeca000 rw-p 000ed000 08:05 2900465                    /usr/lib/libstdc++.so.6.0.18
7f6ecdeca000-7f6ecdedf000 rw-p 00000000 00:00 0 
7f6ecdedf000-7f6ece9d2000 r-xp 00000000 08:05 5769797                    /usr/lib/jvm/java-7-openjdk/jre/lib/amd64/server/libjvm.so
7f6ece9d2000-7f6ecebd2000 ---p 00af3000 08:05 5769797                    /usr/lib/jvm/java-7-openjdk/jre/lib/amd64/server/libjvm.so
7f6ecebd2000-7f6ecec8d000 rw-p 00af3000 08:05 5769797                    /usr/lib/jvm/java-7-openjdk/jre/lib/amd64/server/libjvm.so
7f6ecec8d000-7f6ececba000 rw-p 00000000 00:00 0 
7f6ececba000-7f6ececcf000 r-xp 00000000 08:05 2889928                    /usr/lib/libz.so.1.2.8
7f6ececcf000-7f6eceece000 ---p 00015000 08:05 2889928                    /usr/lib/libz.so.1.2.8
7f6eceece000-7f6eceecf000 r--p 00014000 08:05 2889928                    /usr/lib/libz.so.1.2.8
7f6eceecf000-7f6eceed0000 rw-p 00015000 08:05 2889928                    /usr/lib/libz.so.1.2.8
7f6eceed0000-7f6ecf070000 r-xp 00000000 08:05 2886867                    /usr/lib/libc-2.18.so
7f6ecf070000-7f6ecf270000 ---p 001a0000 08:05 2886867                    /usr/lib/libc-2.18.so
7f6ecf270000-7f6ecf274000 r--p 001a0000 08:05 2886867                    /usr/lib/libc-2.18.so
7f6ecf274000-7f6ecf276000 rw-p 001a4000 08:05 2886867                    /usr/lib/libc-2.18.so
7f6ecf276000-7f6ecf27a000 rw-p 00000000 00:00 0 
7f6ecf27a000-7f6ecf27d000 r-xp 00000000 08:05 2886897                    /usr/lib/libdl-2.18.so
7f6ecf27d000-7f6ecf47c000 ---p 00003000 08:05 2886897                    /usr/lib/libdl-2.18.so
7f6ecf47c000-7f6ecf47d000 r--p 00002000 08:05 2886897                    /usr/lib/libdl-2.18.so
7f6ecf47d000-7f6ecf47e000 rw-p 00003000 08:05 2886897                    /usr/lib/libdl-2.18.so
7f6ecf47e000-7f6ecf48b000 r-xp 00000000 08:05 5769793                    /usr/lib/jvm/java-7-openjdk/jre/lib/amd64/jli/libjli.so
7f6ecf48b000-7f6ecf68a000 ---p 0000d000 08:05 5769793                    /usr/lib/jvm/java-7-openjdk/jre/lib/amd64/jli/libjli.so
7f6ecf68a000-7f6ecf68b000 rw-p 0000c000 08:05 5769793                    /usr/lib/jvm/java-7-openjdk/jre/lib/amd64/jli/libjli.so
7f6ecf68b000-7f6ecf6a3000 r-xp 00000000 08:05 2886838                    /usr/lib/libpthread-2.18.so
7f6ecf6a3000-7f6ecf8a2000 ---p 00018000 08:05 2886838                    /usr/lib/libpthread-2.18.so
7f6ecf8a2000-7f6ecf8a3000 r--p 00017000 08:05 2886838                    /usr/lib/libpthread-2.18.so
7f6ecf8a3000-7f6ecf8a4000 rw-p 00018000 08:05 2886838                    /usr/lib/libpthread-2.18.so
7f6ecf8a4000-7f6ecf8a8000 rw-p 00000000 00:00 0 
7f6ecf8a8000-7f6ecf8c8000 r-xp 00000000 08:05 2886854                    /usr/lib/ld-2.18.so
7f6ecf8cc000-7f6ecf8cd000 rw-p 00000000 00:00 0 
7f6ecf8cd000-7f6ecf8d0000 r--s 00032000 08:05 5769754                    /usr/lib/jvm/java-7-openjdk/jre/lib/ext/sunjce_provider.jar
7f6ecf8d0000-7f6ecf8d3000 r--s 0003c000 08:05 5769751                    /usr/lib/jvm/java-7-openjdk/jre/lib/ext/sunpkcs11.jar
7f6ecf8d3000-7f6ecf8d8000 r--s 0004c000 08:05 5769241                    /usr/lib/jvm/java-7-openjdk/jre/lib/jsse.jar
7f6ecf8d8000-7f6ecf8db000 r--s 0000f000 08:05 5769757                    /usr/lib/jvm/java-7-openjdk/jre/lib/ext/pulse-java.jar
7f6ecf8db000-7f6ecf903000 rw-p 00000000 00:00 0 
7f6ecf903000-7f6ecf941000 rw-p 00000000 00:00 0 
7f6ecf941000-7f6ecf94c000 rw-p 00000000 00:00 0 
7f6ecf94c000-7f6ecf94d000 rw-p 00000000 00:00 0 
7f6ecf94d000-7f6ecf94e000 rw-p 00000000 00:00 0 
7f6ecf94e000-7f6ecf994000 rw-p 00000000 00:00 0 
7f6ecf994000-7f6ecf997000 ---p 00000000 00:00 0 
7f6ecf997000-7f6ecfa95000 rw-p 00000000 00:00 0                          [stack:19989]
7f6ecfa95000-7f6ecfa96000 rw-p 00000000 00:00 0 
7f6ecfa96000-7f6ecfa97000 rw-p 00000000 00:00 0 
7f6ecfa97000-7f6ecfa98000 rw-p 00000000 00:00 0 
7f6ecfa98000-7f6ecfa99000 rw-p 00000000 00:00 0 
7f6ecfa99000-7f6ecfa9b000 r--s 00017000 08:05 5769234                    /usr/lib/jvm/java-7-openjdk/jre/lib/jce.jar
7f6ecfa9b000-7f6ecfabc000 rw-p 00000000 00:00 0 
7f6ecfabc000-7f6ecfac4000 rw-s 00000000 00:1f 35083581                   /tmp/hsperfdata_jesse/19988
7f6ecfac4000-7f6ecfac5000 rw-p 00000000 00:00 0 
7f6ecfac5000-7f6ecfac6000 ---p 00000000 00:00 0 
7f6ecfac6000-7f6ecfac7000 rw-p 00000000 00:00 0 
7f6ecfac7000-7f6ecfac8000 r--p 0001f000 08:05 2886854                    /usr/lib/ld-2.18.so
7f6ecfac8000-7f6ecfac9000 rw-p 00020000 08:05 2886854                    /usr/lib/ld-2.18.so
7f6ecfac9000-7f6ecfaca000 rw-p 00000000 00:00 0 
7fffcd938000-7fffcd959000 rw-p 00000000 00:00 0                          [stack]
7fffcd9fe000-7fffcda00000 r-xp 00000000 00:00 0                          [vdso]
ffffffffff600000-ffffffffff601000 r-xp 00000000 00:00 0                  [vsyscall]

VM Arguments:
jvm_args: -Xbootclasspath/a:/home/jesse/.lein/self-installs/leiningen-2.3.4-standalone.jar -XX:+TieredCompilation -XX:TieredStopAtLevel=1 -Dfile.encoding=UTF-8 -Dmaven.wagon.http.ssl.easy=false -Dleiningen.original.pwd=/home/jesse/Dropbox/Programming/LISP/CLOJURE/hang-man -Dleiningen.script=/usr/bin/lein 
java_command: clojure.main -m leiningen.core.main repl
Launcher Type: SUN_STANDARD

Environment Variables:
JAVA_HOME=/usr/lib/jvm/java-7-openjdk
CLASSPATH=:/home/jesse/.lein/self-installs/leiningen-2.3.4-standalone.jar
PATH=/usr/bin:/usr/local/sbin:/usr/local/bin:/usr/bin:/usr/bin/core_perl
USERNAME=jesse
SHELL=/bin/bash
DISPLAY=:0

Signal Handlers:
SIGSEGV: [libjvm.so+0x92a940], sa_mask[0]=0x7ffbfeff, sa_flags=0x10000004
SIGBUS: [libjvm.so+0x92a940], sa_mask[0]=0x7ffbfeff, sa_flags=0x10000004
SIGFPE: [libjvm.so+0x7a82f0], sa_mask[0]=0x7ffbfeff, sa_flags=0x10000004
SIGPIPE: SIG_IGN, sa_mask[0]=0x00000000, sa_flags=0x00000000
SIGXFSZ: [libjvm.so+0x7a82f0], sa_mask[0]=0x7ffbfeff, sa_flags=0x10000004
SIGILL: [libjvm.so+0x7a82f0], sa_mask[0]=0x7ffbfeff, sa_flags=0x10000004
SIGUSR1: SIG_DFL, sa_mask[0]=0x00000000, sa_flags=0x00000000
SIGUSR2: [libjvm.so+0x7a8190], sa_mask[0]=0x00000000, sa_flags=0x10000004
SIGHUP: [libjvm.so+0x7a8370], sa_mask[0]=0x7ffbfeff, sa_flags=0x10000004
SIGINT: [libjvm.so+0x7a8370], sa_mask[0]=0x7ffbfeff, sa_flags=0x10000004
SIGTERM: [libjvm.so+0x7a8370], sa_mask[0]=0x7ffbfeff, sa_flags=0x10000004
SIGQUIT: [libjvm.so+0x7a8370], sa_mask[0]=0x7ffbfeff, sa_flags=0x10000004


---------------  S Y S T E M  ---------------

OS:Linux
uname:Linux 3.12.5-1-ARCH #1 SMP PREEMPT Thu Dec 12 12:57:31 CET 2013 x86_64
libc:glibc 2.18 NPTL 2.18 
rlimit: STACK 8192k, CORE 0k, NPROC 95814, NOFILE 4096, AS infinity
load average:1.02 1.19 1.32

/proc/meminfo:
MemTotal:       12269876 kB
MemFree:          164972 kB
Buffers:           16124 kB
Cached:           243900 kB
SwapCached:            0 kB
Active:         11629884 kB
Inactive:         148224 kB
Active(anon):   11580520 kB
Inactive(anon):    93728 kB
Active(file):      49364 kB
Inactive(file):    54496 kB
Unevictable:           0 kB
Mlocked:               0 kB
SwapTotal:             0 kB
SwapFree:              0 kB
Dirty:                 4 kB
Writeback:             0 kB
AnonPages:      11518468 kB
Mapped:           143964 kB
Shmem:            155780 kB
Slab:              83248 kB
SReclaimable:      37724 kB
SUnreclaim:        45524 kB
KernelStack:        6352 kB
PageTables:        66716 kB
NFS_Unstable:          0 kB
Bounce:                0 kB
WritebackTmp:          0 kB
CommitLimit:     6134936 kB
Committed_AS:   26084456 kB
VmallocTotal:   34359738367 kB
VmallocUsed:      179908 kB
VmallocChunk:   34359431664 kB
HardwareCorrupted:     0 kB
AnonHugePages:   5036032 kB
HugePages_Total:       0
HugePages_Free:        0
HugePages_Rsvd:        0
HugePages_Surp:        0
Hugepagesize:       2048 kB
DirectMap4k:       34116 kB
DirectMap2M:    12509184 kB


CPU:total 8 (4 cores per cpu, 2 threads per core) family 6 model 58 stepping 9, cmov, cx8, fxsr, mmx, sse, sse2, sse3, ssse3, sse4.1, sse4.2, popcnt, avx, aes, erms, ht, tsc, tscinvbit, tscinv

/proc/cpuinfo:
processor	: 0
vendor_id	: GenuineIntel
cpu family	: 6
model		: 58
model name	: Intel(R) Core(TM) i7-3770 CPU @ 3.40GHz
stepping	: 9
microcode	: 0x15
cpu MHz		: 2109.460
cache size	: 8192 KB
physical id	: 0
siblings	: 8
core id		: 0
cpu cores	: 4
apicid		: 0
initial apicid	: 0
fpu		: yes
fpu_exception	: yes
cpuid level	: 13
wp		: yes
flags		: fpu vme de pse tsc msr pae mce cx8 apic sep mtrr pge mca cmov pat pse36 clflush dts acpi mmx fxsr sse sse2 ss ht tm pbe syscall nx rdtscp lm constant_tsc arch_perfmon pebs bts rep_good nopl xtopology nonstop_tsc aperfmperf eagerfpu pni pclmulqdq dtes64 monitor ds_cpl vmx smx est tm2 ssse3 cx16 xtpr pdcm pcid sse4_1 sse4_2 x2apic popcnt tsc_deadline_timer aes xsave avx f16c rdrand lahf_lm ida arat epb xsaveopt pln pts dtherm tpr_shadow vnmi flexpriority ept vpid fsgsbase smep erms
bogomips	: 6793.10
clflush size	: 64
cache_alignment	: 64
address sizes	: 36 bits physical, 48 bits virtual
power management:

processor	: 1
vendor_id	: GenuineIntel
cpu family	: 6
model		: 58
model name	: Intel(R) Core(TM) i7-3770 CPU @ 3.40GHz
stepping	: 9
microcode	: 0x15
cpu MHz		: 2449.195
cache size	: 8192 KB
physical id	: 0
siblings	: 8
core id		: 1
cpu cores	: 4
apicid		: 2
initial apicid	: 2
fpu		: yes
fpu_exception	: yes
cpuid level	: 13
wp		: yes
flags		: fpu vme de pse tsc msr pae mce cx8 apic sep mtrr pge mca cmov pat pse36 clflush dts acpi mmx fxsr sse sse2 ss ht tm pbe syscall nx rdtscp lm constant_tsc arch_perfmon pebs bts rep_good nopl xtopology nonstop_tsc aperfmperf eagerfpu pni pclmulqdq dtes64 monitor ds_cpl vmx smx est tm2 ssse3 cx16 xtpr pdcm pcid sse4_1 sse4_2 x2apic popcnt tsc_deadline_timer aes xsave avx f16c rdrand lahf_lm ida arat epb xsaveopt pln pts dtherm tpr_shadow vnmi flexpriority ept vpid fsgsbase smep erms
bogomips	: 6793.10
clflush size	: 64
cache_alignment	: 64
address sizes	: 36 bits physical, 48 bits virtual
power management:

processor	: 2
vendor_id	: GenuineIntel
cpu family	: 6
model		: 58
model name	: Intel(R) Core(TM) i7-3770 CPU @ 3.40GHz
stepping	: 9
microcode	: 0x15
cpu MHz		: 1991.656
cache size	: 8192 KB
physical id	: 0
siblings	: 8
core id		: 2
cpu cores	: 4
apicid		: 4
initial apicid	: 4
fpu		: yes
fpu_exception	: yes
cpuid level	: 13
wp		: yes
flags		: fpu vme de pse tsc msr pae mce cx8 apic sep mtrr pge mca cmov pat pse36 clflush dts acpi mmx fxsr sse sse2 ss ht tm pbe syscall nx rdtscp lm constant_tsc arch_perfmon pebs bts rep_good nopl xtopology nonstop_tsc aperfmperf eagerfpu pni pclmulqdq dtes64 monitor ds_cpl vmx smx est tm2 ssse3 cx16 xtpr pdcm pcid sse4_1 sse4_2 x2apic popcnt tsc_deadline_timer aes xsave avx f16c rdrand lahf_lm ida arat epb xsaveopt pln pts dtherm tpr_shadow vnmi flexpriority ept vpid fsgsbase smep erms
bogomips	: 6793.10
clflush size	: 64
cache_alignment	: 64
address sizes	: 36 bits physical, 48 bits virtual
power management:

processor	: 3
vendor_id	: GenuineIntel
cpu family	: 6
model		: 58
model name	: Intel(R) Core(TM) i7-3770 CPU @ 3.40GHz
stepping	: 9
microcode	: 0x15
cpu MHz		: 1753.390
cache size	: 8192 KB
physical id	: 0
siblings	: 8
core id		: 3
cpu cores	: 4
apicid		: 6
initial apicid	: 6
fpu		: yes
fpu_exception	: yes
cpuid level	: 13
wp		: yes
flags		: fpu vme de pse tsc msr pae mce cx8 apic sep mtrr pge mca cmov pat pse36 clflush dts acpi mmx fxsr sse sse2 ss ht tm pbe syscall nx rdtscp lm constant_tsc arch_perfmon pebs bts rep_good nopl xtopology nonstop_tsc aperfmperf eagerfpu pni pclmulqdq dtes64 monitor ds_cpl vmx smx est tm2 ssse3 cx16 xtpr pdcm pcid sse4_1 sse4_2 x2apic popcnt tsc_deadline_timer aes xsave avx f16c rdrand lahf_lm ida arat epb xsaveopt pln pts dtherm tpr_shadow vnmi flexpriority ept vpid fsgsbase smep erms
bogomips	: 6793.10
clflush size	: 64
cache_alignment	: 64
address sizes	: 36 bits physical, 48 bits virtual
power management:

processor	: 4
vendor_id	: GenuineIntel
cpu family	: 6
model		: 58
model name	: Intel(R) Core(TM) i7-3770 CPU @ 3.40GHz
stepping	: 9
microcode	: 0x15
cpu MHz		: 1958.453
cache size	: 8192 KB
physical id	: 0
siblings	: 8
core id		: 0
cpu cores	: 4
apicid		: 1
initial apicid	: 1
fpu		: yes
fpu_exception	: yes
cpuid level	: 13
wp		: yes
flags		: fpu vme de pse tsc msr pae mce cx8 apic sep mtrr pge mca cmov pat pse36 clflush dts acpi mmx fxsr sse sse2 ss ht tm pbe syscall nx rdtscp lm constant_tsc arch_perfmon pebs bts rep_good nopl xtopology nonstop_tsc aperfmperf eagerfpu pni pclmulqdq dtes64 monitor ds_cpl vmx smx est tm2 ssse3 cx16 xtpr pdcm pcid sse4_1 sse4_2 x2apic popcnt tsc_deadline_timer aes xsave avx f16c rdrand lahf_lm ida arat epb xsaveopt pln pts dtherm tpr_shadow vnmi flexpriority ept vpid fsgsbase smep erms
bogomips	: 6793.10
clflush size	: 64
cache_alignment	: 64
address sizes	: 36 bits physical, 48 bits virtual
power management:

processor	: 5
vendor_id	: GenuineIntel
cpu family	: 6
model		: 58
model name	: Intel(R) Core(TM) i7-3770 CPU @ 3.40GHz
stepping	: 9
microcode	: 0x15
cpu MHz		: 2566.468
cache size	: 8192 KB
physical id	: 0
siblings	: 8
core id		: 1
cpu cores	: 4
apicid		: 3
initial apicid	: 3
fpu		: yes
fpu_exception	: yes
cpuid level	: 13
wp		: yes
flags		: fpu vme de pse tsc msr pae mce cx8 apic sep mtrr pge mca cmov pat pse36 clflush dts acpi mmx fxsr sse sse2 ss ht tm pbe syscall nx rdtscp lm constant_tsc arch_perfmon pebs bts rep_good nopl xtopology nonstop_tsc aperfmperf eagerfpu pni pclmulqdq dtes64 monitor ds_cpl vmx smx est tm2 ssse3 cx16 xtpr pdcm pcid sse4_1 sse4_2 x2apic popcnt tsc_deadline_timer aes xsave avx f16c rdrand lahf_lm ida arat epb xsaveopt pln pts dtherm tpr_shadow vnmi flexpriority ept vpid fsgsbase smep erms
bogomips	: 6793.10
clflush size	: 64
cache_alignment	: 64
address sizes	: 36 bits physical, 48 bits virtual
power management:

processor	: 6
vendor_id	: GenuineIntel
cpu family	: 6
model		: 58
model name	: Intel(R) Core(TM) i7-3770 CPU @ 3.40GHz
stepping	: 9
microcode	: 0x15
cpu MHz		: 3221.234
cache size	: 8192 KB
physical id	: 0
siblings	: 8
core id		: 2
cpu cores	: 4
apicid		: 5
initial apicid	: 5
fpu		: yes
fpu_exception	: yes
cpuid level	: 13
wp		: yes
flags		: fpu vme de pse tsc msr pae mce cx8 apic sep mtrr pge mca cmov pat pse36 clflush dts acpi mmx fxsr sse sse2 ss ht tm pbe syscall nx rdtscp lm constant_tsc arch_perfmon pebs bts rep_good nopl xtopology nonstop_tsc aperfmperf eagerfpu pni pclmulqdq dtes64 monitor ds_cpl vmx smx est tm2 ssse3 cx16 xtpr pdcm pcid sse4_1 sse4_2 x2apic popcnt tsc_deadline_timer aes xsave avx f16c rdrand lahf_lm ida arat epb xsaveopt pln pts dtherm tpr_shadow vnmi flexpriority ept vpid fsgsbase smep erms
bogomips	: 6793.10
clflush size	: 64
cache_alignment	: 64
address sizes	: 36 bits physical, 48 bits virtual
power management:

processor	: 7
vendor_id	: GenuineIntel
cpu family	: 6
model		: 58
model name	: Intel(R) Core(TM) i7-3770 CPU @ 3.40GHz
stepping	: 9
microcode	: 0x15
cpu MHz		: 2460.351
cache size	: 8192 KB
physical id	: 0
siblings	: 8
core id		: 3
cpu cores	: 4
apicid		: 7
initial apicid	: 7
fpu		: yes
fpu_exception	: yes
cpuid level	: 13
wp		: yes
flags		: fpu vme de pse tsc msr pae mce cx8 apic sep mtrr pge mca cmov pat pse36 clflush dts acpi mmx fxsr sse sse2 ss ht tm pbe syscall nx rdtscp lm constant_tsc arch_perfmon pebs bts rep_good nopl xtopology nonstop_tsc aperfmperf eagerfpu pni pclmulqdq dtes64 monitor ds_cpl vmx smx est tm2 ssse3 cx16 xtpr pdcm pcid sse4_1 sse4_2 x2apic popcnt tsc_deadline_timer aes xsave avx f16c rdrand lahf_lm ida arat epb xsaveopt pln pts dtherm tpr_shadow vnmi flexpriority ept vpid fsgsbase smep erms
bogomips	: 6793.10
clflush size	: 64
cache_alignment	: 64
address sizes	: 36 bits physical, 48 bits virtual
power management:



Memory: 4k page, physical 12269876k(164972k free), swap 0k(0k free)

vm_info: OpenJDK 64-Bit Server VM (24.45-b08) for linux-amd64 JRE (1.7.0_45-b31), built on Oct 21 2013 19:10:26 by "nobody" with gcc 4.8.2

time: Mon Dec 23 17:10:37 2013
elapsed time: 6 seconds

