#
# There is insufficient memory for the Java Runtime Environment to continue.
# Native memory allocation (malloc) failed to allocate 239599616 bytes for committing reserved memory.
# Possible reasons:
#   The system is out of physical RAM or swap space
#   In 32 bit mode, the process size limit was hit
# Possible solutions:
#   Reduce memory load on the system
#   Increase physical memory or swap space
#   Check if swap backing store is full
#   Use 64 bit Java on a 64 bit OS
#   Decrease Java heap size (-Xmx/-Xms)
#   Decrease number of Java threads
#   Decrease Java thread stack sizes (-Xss)
#   Set larger code cache with -XX:ReservedCodeCacheSize=
# This output file may be truncated or incomplete.
#
#  Out of Memory Error (os_linux.cpp:2761), pid=20068, tid=140027866322688
#
# JRE version: OpenJDK Runtime Environment (7.0_45-b31) (build 1.7.0_45-b31)
# Java VM: OpenJDK 64-Bit Server VM (24.45-b08 mixed mode linux-amd64 compressed oops)
# Failed to write core dump. Core dumps have been disabled. To enable core dumping, try "ulimit -c unlimited" before starting Java again
#

---------------  T H R E A D  ---------------

Current thread (0x00007f5ae0086800):  VMThread [stack: 0x00007f5ac72b1000,0x00007f5ac73b2000] [id=20078]

Stack: [0x00007f5ac72b1000,0x00007f5ac73b2000],  sp=0x00007f5ac73b04d0,  free space=1021k
Native frames: (J=compiled Java code, j=interpreted, Vv=VM code, C=native code)
V  [libjvm.so+0x929e55]  JVM_handle_linux_signal+0x177685
V  [libjvm.so+0x47a544]  dlerror+0x47a544
V  [libjvm.so+0x7acbe3]  JVM_FindSignal+0x18c873
V  [libjvm.so+0x7a75af]  JVM_FindSignal+0x18723f
V  [libjvm.so+0x81787b]  JVM_handle_linux_signal+0x650ab
V  [libjvm.so+0x8186d0]  JVM_handle_linux_signal+0x65f00
V  [libjvm.so+0x818dbb]  JVM_handle_linux_signal+0x665eb
V  [libjvm.so+0x8150af]  JVM_handle_linux_signal+0x628df
V  [libjvm.so+0x815878]  JVM_handle_linux_signal+0x630a8
V  [libjvm.so+0x7cbf63]  JVM_handle_linux_signal+0x19793
V  [libjvm.so+0x92b864]  JVM_handle_linux_signal+0x179094
V  [libjvm.so+0x92feb7]  JVM_handle_linux_signal+0x17d6e7
V  [libjvm.so+0x92e888]  JVM_handle_linux_signal+0x17c0b8
V  [libjvm.so+0x92ece9]  JVM_handle_linux_signal+0x17c519
V  [libjvm.so+0x92f132]  JVM_handle_linux_signal+0x17c962
V  [libjvm.so+0x7a9912]  JVM_FindSignal+0x1895a2

VM_Operation (0x00007f5ac4217770): ParallelGCFailedAllocation, mode: safepoint, requested by thread 0x00007f5ae0435000


---------------  P R O C E S S  ---------------

Java Threads: ( => current thread )
  0x00007f5ae040c000 JavaThread "Thread-4" [_thread_blocked, id=20092, stack(0x00007f5aad5f7000,0x00007f5aad6f8000)]
  0x00007f5ae03ec800 JavaThread "clojure-agent-send-off-pool-2" [_thread_in_native, id=20091, stack(0x00007f5aad6f8000,0x00007f5aad7f9000)]
  0x00007f5ae0227000 JavaThread "clojure-agent-send-off-pool-1" [_thread_blocked, id=20089, stack(0x00007f5ac4018000,0x00007f5ac4119000)]
  0x00007f5ae0435000 JavaThread "clojure-agent-send-off-pool-0" [_thread_blocked, id=20088, stack(0x00007f5ac4119000,0x00007f5ac421a000)]
  0x00007f5ae00bb800 JavaThread "Service Thread" daemon [_thread_blocked, id=20086, stack(0x00007f5ac68e4000,0x00007f5ac69e5000)]
  0x00007f5ae00b9000 JavaThread "C1 CompilerThread3" daemon [_thread_blocked, id=20085, stack(0x00007f5ac69e5000,0x00007f5ac6ae6000)]
  0x00007f5ae00b7000 JavaThread "C2 CompilerThread2" daemon [_thread_blocked, id=20084, stack(0x00007f5ac6ae6000,0x00007f5ac6be7000)]
  0x00007f5ae00b5000 JavaThread "C2 CompilerThread1" daemon [_thread_blocked, id=20083, stack(0x00007f5ac6be7000,0x00007f5ac6ce8000)]
  0x00007f5ae00b2000 JavaThread "C2 CompilerThread0" daemon [_thread_blocked, id=20082, stack(0x00007f5ac6ce8000,0x00007f5ac6de9000)]
  0x00007f5ae00b0000 JavaThread "Signal Dispatcher" daemon [_thread_blocked, id=20081, stack(0x00007f5ac6de9000,0x00007f5ac6eea000)]
  0x00007f5ae008c800 JavaThread "Finalizer" daemon [_thread_blocked, id=20080, stack(0x00007f5ac70af000,0x00007f5ac71b0000)]
  0x00007f5ae008a800 JavaThread "Reference Handler" daemon [_thread_blocked, id=20079, stack(0x00007f5ac71b0000,0x00007f5ac72b1000)]
  0x00007f5ae0009000 JavaThread "main" [_thread_blocked, id=20069, stack(0x00007f5ae7adb000,0x00007f5ae7bdc000)]

Other Threads:
=>0x00007f5ae0086800 VMThread [stack: 0x00007f5ac72b1000,0x00007f5ac73b2000] [id=20078]
  0x00007f5ae00be800 WatcherThread [stack: 0x00007f5ac67e3000,0x00007f5ac68e4000] [id=20087]

VM state:at safepoint (normal execution)

VM Mutex/Monitor currently owned by a thread:  ([mutex/lock_event])
[0x00007f5ae0006980] Threads_lock - owner thread: 0x00007f5ae0086800
[0x00007f5ae0006e80] Heap_lock - owner thread: 0x00007f5ae0435000

Heap
 PSYoungGen      total 399360K, used 9824K [0x00000007c1900000, 0x00000007daa00000, 0x0000000800000000)
  eden space 388096K, 0% used [0x00000007c1900000,0x00000007c1900000,0x00000007d9400000)
  from space 11264K, 87% used [0x00000007d9400000,0x00000007d9d98000,0x00000007d9f00000)
  to   space 10752K, 0% used [0x00000007d9f80000,0x00000007d9f80000,0x00000007daa00000)
 ParOldGen       total 127488K, used 10142K [0x0000000744c00000, 0x000000074c880000, 0x00000007c1900000)
  object space 127488K, 7% used [0x0000000744c00000,0x00000007455e7800,0x000000074c880000)
 PSPermGen       total 25088K, used 24951K [0x000000073a600000, 0x000000073be80000, 0x0000000744c00000)
  object space 25088K, 99% used [0x000000073a600000,0x000000073be5dd90,0x000000073be80000)

Card table byte_map: [0x00007f5ae4603000,0x00007f5ae4c31000] byte_map_base: 0x00007f5ae0c30000

Polling page: 0x00007f5ae7c0c000

Code Cache  [0x00007f5ada000000, 0x00007f5ada4a0000, 0x00007f5ae0000000)
 total_blobs=2314 nmethods=1992 adapters=255 free_code_cache=93614Kb largest_free_block=95861120

Compilation events (10 events):
Event: 3.198 Thread 0x00007f5ae00b9000 1991       1       clojure.core$parents::invoke (143 bytes)
Event: 3.198 Thread 0x00007f5ae00b9000 nmethod 1991 0x00007f5ada490d50 code [0x00007f5ada490fa0, 0x00007f5ada4918b8]
Event: 3.198 Thread 0x00007f5ae00b9000 1992       1       clojure.lang.MultiFn::prefers (124 bytes)
Event: 3.199 Thread 0x00007f5ae00b9000 nmethod 1992 0x00007f5ada491e90 code [0x00007f5ada492120, 0x00007f5ada492918]
Event: 3.680 Thread 0x00007f5ae00b9000 1993       1       java.lang.String::getBytes (27 bytes)
Event: 3.809 Thread 0x00007f5ae00b9000 nmethod 1993 0x00007f5ada492f90 code [0x00007f5ada493100, 0x00007f5ada4932f8]
Event: 3.809 Thread 0x00007f5ae00b9000 1994       1       clojure.core$maybe_min_hash$iter__5082__5088$fn__5089::invoke (210 bytes)
Event: 3.810 Thread 0x00007f5ae00b9000 nmethod 1994 0x00007f5ada4933d0 code [0x00007f5ada493600, 0x00007f5ada493e38]
Event: 3.810 Thread 0x00007f5ae00b9000 1995       1       clojure.core$maybe_min_hash$iter__5082__5088$fn__5089$iter__5084__5090::<init> (10 bytes)
Event: 3.810 Thread 0x00007f5ae00b9000 nmethod 1995 0x00007f5ada494390 code [0x00007f5ada4944e0, 0x00007f5ada494630]

GC Heap History (10 events):
Event: 2.396 GC heap after
Heap after GC invocations=4 (full 0):
 PSYoungGen      total 104960K, used 7664K [0x00000007c1900000, 0x00000007c8700000, 0x0000000800000000)
  eden space 97280K, 0% used [0x00000007c1900000,0x00000007c1900000,0x00000007c7800000)
  from space 7680K, 99% used [0x00000007c7f80000,0x00000007c86fc010,0x00000007c8700000)
  to   space 7680K, 0% used [0x00000007c7800000,0x00000007c7800000,0x00000007c7f80000)
 ParOldGen       total 127488K, used 1721K [0x0000000744c00000, 0x000000074c880000, 0x00000007c1900000)
  object space 127488K, 1% used [0x0000000744c00000,0x0000000744dae748,0x000000074c880000)
 PSPermGen       total 21504K, used 20721K [0x000000073a600000, 0x000000073bb00000, 0x0000000744c00000)
  object space 21504K, 96% used [0x000000073a600000,0x000000073ba3c480,0x000000073bb00000)
}
Event: 2.568 GC heap before
{Heap before GC invocations=5 (full 0):
 PSYoungGen      total 104960K, used 104944K [0x00000007c1900000, 0x00000007c8700000, 0x0000000800000000)
  eden space 97280K, 100% used [0x00000007c1900000,0x00000007c7800000,0x00000007c7800000)
  from space 7680K, 99% used [0x00000007c7f80000,0x00000007c86fc010,0x00000007c8700000)
  to   space 7680K, 0% used [0x00000007c7800000,0x00000007c7800000,0x00000007c7f80000)
 ParOldGen       total 127488K, used 1721K [0x0000000744c00000, 0x000000074c880000, 0x00000007c1900000)
  object space 127488K, 1% used [0x0000000744c00000,0x0000000744dae748,0x000000074c880000)
 PSPermGen       total 21504K, used 20721K [0x000000073a600000, 0x000000073bb00000, 0x0000000744c00000)
  object space 21504K, 96% used [0x000000073a600000,0x000000073ba3c480,0x000000073bb00000)
Event: 2.580 GC heap after
Heap after GC invocations=5 (full 0):
 PSYoungGen      total 104960K, used 7648K [0x00000007c1900000, 0x00000007cec00000, 0x0000000800000000)
  eden space 97280K, 0% used [0x00000007c1900000,0x00000007c1900000,0x00000007c7800000)
  from space 7680K, 99% used [0x00000007c7800000,0x00000007c7f78020,0x00000007c7f80000)
  to   space 10752K, 0% used [0x00000007ce180000,0x00000007ce180000,0x00000007cec00000)
 ParOldGen       total 127488K, used 3217K [0x0000000744c00000, 0x000000074c880000, 0x00000007c1900000)
  object space 127488K, 2% used [0x0000000744c00000,0x0000000744f24748,0x000000074c880000)
 PSPermGen       total 21504K, used 20721K [0x000000073a600000, 0x000000073bb00000, 0x0000000744c00000)
  object space 21504K, 96% used [0x000000073a600000,0x000000073ba3c480,0x000000073bb00000)
}
Event: 2.774 GC heap before
{Heap before GC invocations=6 (full 0):
 PSYoungGen      total 104960K, used 104928K [0x00000007c1900000, 0x00000007cec00000, 0x0000000800000000)
  eden space 97280K, 100% used [0x00000007c1900000,0x00000007c7800000,0x00000007c7800000)
  from space 7680K, 99% used [0x00000007c7800000,0x00000007c7f78020,0x00000007c7f80000)
  to   space 10752K, 0% used [0x00000007ce180000,0x00000007ce180000,0x00000007cec00000)
 ParOldGen       total 127488K, used 3217K [0x0000000744c00000, 0x000000074c880000, 0x00000007c1900000)
  object space 127488K, 2% used [0x0000000744c00000,0x0000000744f24748,0x000000074c880000)
 PSPermGen       total 21504K, used 20840K [0x000000073a600000, 0x000000073bb00000, 0x0000000744c00000)
  object space 21504K, 96% used [0x000000073a600000,0x000000073ba5a068,0x000000073bb00000)
Event: 2.791 GC heap after
Heap after GC invocations=6 (full 0):
 PSYoungGen      total 204800K, used 9008K [0x00000007c1900000, 0x00000007ced00000, 0x0000000800000000)
  eden space 194048K, 0% used [0x00000007c1900000,0x00000007c1900000,0x00000007cd680000)
  from space 10752K, 83% used [0x00000007ce180000,0x00000007cea4c030,0x00000007cec00000)
  to   space 11264K, 0% used [0x00000007cd680000,0x00000007cd680000,0x00000007ce180000)
 ParOldGen       total 127488K, used 3217K [0x0000000744c00000, 0x000000074c880000, 0x00000007c1900000)
  object space 127488K, 2% used [0x0000000744c00000,0x0000000744f24748,0x000000074c880000)
 PSPermGen       total 21504K, used 20840K [0x000000073a600000, 0x000000073bb00000, 0x0000000744c00000)
  object space 21504K, 96% used [0x000000073a600000,0x000000073ba5a068,0x000000073bb00000)
}
Event: 2.997 GC heap before
{Heap before GC invocations=7 (full 0):
 PSYoungGen      total 204800K, used 203056K [0x00000007c1900000, 0x00000007ced00000, 0x0000000800000000)
  eden space 194048K, 100% used [0x00000007c1900000,0x00000007cd680000,0x00000007cd680000)
  from space 10752K, 83% used [0x00000007ce180000,0x00000007cea4c030,0x00000007cec00000)
  to   space 11264K, 0% used [0x00000007cd680000,0x00000007cd680000,0x00000007ce180000)
 ParOldGen       total 127488K, used 3217K [0x0000000744c00000, 0x000000074c880000, 0x00000007c1900000)
  object space 127488K, 2% used [0x0000000744c00000,0x0000000744f24748,0x000000074c880000)
 PSPermGen       total 23552K, used 23329K [0x000000073a600000, 0x000000073bd00000, 0x0000000744c00000)
  object space 23552K, 99% used [0x000000073a600000,0x000000073bcc8760,0x000000073bd00000)
Event: 3.006 GC heap after
Heap after GC invocations=7 (full 0):
 PSYoungGen      total 205312K, used 4288K [0x00000007c1900000, 0x00000007dab00000, 0x0000000800000000)
  eden space 194048K, 0% used [0x00000007c1900000,0x00000007c1900000,0x00000007cd680000)
  from space 11264K, 38% used [0x00000007cd680000,0x00000007cdab0000,0x00000007ce180000)
  to   space 11776K, 0% used [0x00000007d9f80000,0x00000007d9f80000,0x00000007dab00000)
 ParOldGen       total 127488K, used 9110K [0x0000000744c00000, 0x000000074c880000, 0x00000007c1900000)
  object space 127488K, 7% used [0x0000000744c00000,0x00000007454e5800,0x000000074c880000)
 PSPermGen       total 23552K, used 23329K [0x000000073a600000, 0x000000073bd00000, 0x0000000744c00000)
  object space 23552K, 99% used [0x000000073a600000,0x000000073bcc8760,0x000000073bd00000)
}
Event: 3.118 GC heap before
{Heap before GC invocations=8 (full 0):
 PSYoungGen      total 205312K, used 198336K [0x00000007c1900000, 0x00000007dab00000, 0x0000000800000000)
  eden space 194048K, 100% used [0x00000007c1900000,0x00000007cd680000,0x00000007cd680000)
  from space 11264K, 38% used [0x00000007cd680000,0x00000007cdab0000,0x00000007ce180000)
  to   space 11776K, 0% used [0x00000007d9f80000,0x00000007d9f80000,0x00000007dab00000)
 ParOldGen       total 127488K, used 9110K [0x0000000744c00000, 0x000000074c880000, 0x00000007c1900000)
  object space 127488K, 7% used [0x0000000744c00000,0x00000007454e5800,0x000000074c880000)
 PSPermGen       total 24576K, used 24499K [0x000000073a600000, 0x000000073be00000, 0x0000000744c00000)
  object space 24576K, 99% used [0x000000073a600000,0x000000073bdecee8,0x000000073be00000)
Event: 3.125 GC heap after
Heap after GC invocations=8 (full 0):
 PSYoungGen      total 398848K, used 6112K [0x00000007c1900000, 0x00000007daa00000, 0x0000000800000000)
  eden space 388096K, 0% used [0x00000007c1900000,0x00000007c1900000,0x00000007d9400000)
  from space 10752K, 56% used [0x00000007d9f80000,0x00000007da578000,0x00000007daa00000)
  to   space 11264K, 0% used [0x00000007d9400000,0x00000007d9400000,0x00000007d9f00000)
 ParOldGen       total 127488K, used 9918K [0x0000000744c00000, 0x000000074c880000, 0x00000007c1900000)
  object space 127488K, 7% used [0x0000000744c00000,0x00000007455af800,0x000000074c880000)
 PSPermGen       total 24576K, used 24499K [0x000000073a600000, 0x000000073be00000, 0x0000000744c00000)
  object space 24576K, 99% used [0x000000073a600000,0x000000073bdecee8,0x000000073be00000)
}
Event: 4.128 GC heap before
{Heap before GC invocations=9 (full 0):
 PSYoungGen      total 398848K, used 394208K [0x00000007c1900000, 0x00000007daa00000, 0x0000000800000000)
  eden space 388096K, 100% used [0x00000007c1900000,0x00000007d9400000,0x00000007d9400000)
  from space 10752K, 56% used [0x00000007d9f80000,0x00000007da578000,0x00000007daa00000)
  to   space 11264K, 0% used [0x00000007d9400000,0x00000007d9400000,0x00000007d9f00000)
 ParOldGen       total 127488K, used 9918K [0x0000000744c00000, 0x000000074c880000, 0x00000007c1900000)
  object space 127488K, 7% used [0x0000000744c00000,0x00000007455af800,0x000000074c880000)
 PSPermGen       total 25088K, used 24951K [0x000000073a600000, 0x000000073be80000, 0x0000000744c00000)
  object space 25088K, 99% used [0x000000073a600000,0x000000073be5dd90,0x000000073be80000)

Deoptimization events (0 events):
No events

Internal exceptions (10 events):
Event: 3.193 Thread 0x00007f5ae040c000 Threw 0x00000007c20bf0e0 at /build/java7-openjdk/src/icedtea-2.4.3/openjdk/hotspot/src/share/vm/prims/jvm.cpp:1244
Event: 3.193 Thread 0x00007f5ae040c000 Threw 0x00000007c20bf390 at /build/java7-openjdk/src/icedtea-2.4.3/openjdk/hotspot/src/share/vm/classfile/systemDictionary.cpp:185
Event: 3.668 Thread 0x00007f5ae0227000 Threw 0x00000007ccde4a50 at /build/java7-openjdk/src/icedtea-2.4.3/openjdk/hotspot/src/share/vm/prims/jni.cpp:717
Event: 3.679 Thread 0x00007f5ae0227000 Threw 0x00000007ccde5008 at /build/java7-openjdk/src/icedtea-2.4.3/openjdk/hotspot/src/share/vm/runtime/reflection.cpp:1030
Event: 3.746 Thread 0x00007f5ae0227000 Threw 0x00000007ce3f1d58 at /build/java7-openjdk/src/icedtea-2.4.3/openjdk/hotspot/src/share/vm/prims/jni.cpp:717
Event: 3.747 Thread 0x00007f5ae0227000 Threw 0x00000007ce3f22a8 at /build/java7-openjdk/src/icedtea-2.4.3/openjdk/hotspot/src/share/vm/runtime/reflection.cpp:1030
Event: 3.747 Thread 0x00007f5ae0227000 Threw 0x00000007ce3f5c58 at /build/java7-openjdk/src/icedtea-2.4.3/openjdk/hotspot/src/share/vm/prims/jni.cpp:717
Event: 3.747 Thread 0x00007f5ae0227000 Threw 0x00000007ce3f61c0 at /build/java7-openjdk/src/icedtea-2.4.3/openjdk/hotspot/src/share/vm/runtime/reflection.cpp:1030
Event: 3.810 Thread 0x00007f5ae0227000 Threw 0x00000007cee22010 at /build/java7-openjdk/src/icedtea-2.4.3/openjdk/hotspot/src/share/vm/prims/jni.cpp:717
Event: 3.810 Thread 0x00007f5ae0227000 Threw 0x00000007cee22558 at /build/java7-openjdk/src/icedtea-2.4.3/openjdk/hotspot/src/share/vm/runtime/reflection.cpp:1030

Events (10 events):
Event: 3.195 loading class 0x00007f5a88088cc0 done
Event: 3.810 loading class 0x00007f5ae037c2b0
Event: 3.829 loading class 0x00007f5ae037c2b0 done
Event: 3.898 loading class 0x00007f5a88087020
Event: 3.898 loading class 0x00007f5a88087020 done
Event: 3.898 loading class 0x00007f5a88087050
Event: 3.932 loading class 0x00007f5a88087050 done
Event: 3.948 loading class 0x00007f5ae0377360
Event: 3.948 loading class 0x00007f5ae0377360 done
Event: 4.056 Executing VM operation: ParallelGCFailedAllocation


Dynamic libraries:
00400000-00401000 r-xp 00000000 08:05 5769798                            /usr/lib/jvm/java-7-openjdk/jre/bin/java
00600000-00601000 rw-p 00000000 08:05 5769798                            /usr/lib/jvm/java-7-openjdk/jre/bin/java
019c0000-019e1000 rw-p 00000000 00:00 0                                  [heap]
73a600000-73bb00000 rw-p 00000000 00:00 0 
73bb00000-73bb80000 rw-p 00000000 00:00 0 
73bb80000-73bc00000 rw-p 00000000 00:00 0 
73bc00000-73bc80000 rw-p 00000000 00:00 0 
73bc80000-73bd00000 rw-p 00000000 00:00 0 
73bd00000-73bd80000 rw-p 00000000 00:00 0 
73bd80000-73be00000 rw-p 00000000 00:00 0 
73be00000-73be80000 rw-p 00000000 00:00 0 
73be80000-744c00000 rw-p 00000000 00:00 0 
744c00000-74c880000 rw-p 00000000 00:00 0 
74c880000-7c1900000 rw-p 00000000 00:00 0 
7c1900000-7c5780000 rw-p 00000000 00:00 0 
7c5780000-7c8700000 rw-p 00000000 00:00 0 
7c8700000-7cec00000 rw-p 00000000 00:00 0 
7cec00000-7ced00000 rw-p 00000000 00:00 0 
7ced00000-7daa00000 rw-p 00000000 00:00 0 
7e8e80000-800000000 rw-p 00000000 00:00 0 
7f5a70000000-7f5a7004d000 rw-p 00000000 00:00 0 
7f5a7004d000-7f5a74000000 ---p 00000000 00:00 0 
7f5a78000000-7f5a78081000 rw-p 00000000 00:00 0 
7f5a78081000-7f5a7c000000 ---p 00000000 00:00 0 
7f5a7c000000-7f5a7c021000 rw-p 00000000 00:00 0 
7f5a7c021000-7f5a80000000 ---p 00000000 00:00 0 
7f5a80000000-7f5a80021000 rw-p 00000000 00:00 0 
7f5a80021000-7f5a84000000 ---p 00000000 00:00 0 
7f5a84000000-7f5a840ca000 rw-p 00000000 00:00 0 
7f5a840ca000-7f5a88000000 ---p 00000000 00:00 0 
7f5a88000000-7f5a8836d000 rw-p 00000000 00:00 0 
7f5a8836d000-7f5a8c000000 ---p 00000000 00:00 0 
7f5a8c000000-7f5a8c021000 rw-p 00000000 00:00 0 
7f5a8c021000-7f5a90000000 ---p 00000000 00:00 0 
7f5a90000000-7f5a90021000 rw-p 00000000 00:00 0 
7f5a90021000-7f5a94000000 ---p 00000000 00:00 0 
7f5a94000000-7f5a94021000 rw-p 00000000 00:00 0 
7f5a94021000-7f5a98000000 ---p 00000000 00:00 0 
7f5a98000000-7f5a98021000 rw-p 00000000 00:00 0 
7f5a98021000-7f5a9c000000 ---p 00000000 00:00 0 
7f5a9c000000-7f5a9c021000 rw-p 00000000 00:00 0 
7f5a9c021000-7f5aa0000000 ---p 00000000 00:00 0 
7f5aa0000000-7f5aa0021000 rw-p 00000000 00:00 0 
7f5aa0021000-7f5aa4000000 ---p 00000000 00:00 0 
7f5aa4000000-7f5aa4021000 rw-p 00000000 00:00 0 
7f5aa4021000-7f5aa8000000 ---p 00000000 00:00 0 
7f5aa8000000-7f5aa8021000 rw-p 00000000 00:00 0 
7f5aa8021000-7f5aac000000 ---p 00000000 00:00 0 
7f5aad5f7000-7f5aad5fa000 ---p 00000000 00:00 0 
7f5aad5fa000-7f5aad6f8000 rw-p 00000000 00:00 0                          [stack:20092]
7f5aad6f8000-7f5aad6fb000 ---p 00000000 00:00 0 
7f5aad6fb000-7f5aad7f9000 rw-p 00000000 00:00 0                          [stack:20091]
7f5aad7f9000-7f5aad86f000 r-xp 00000000 08:05 2911445                    /usr/lib/libfreebl3.so
7f5aad86f000-7f5aada6e000 ---p 00076000 08:05 2911445                    /usr/lib/libfreebl3.so
7f5aada6e000-7f5aada70000 r--p 00075000 08:05 2911445                    /usr/lib/libfreebl3.so
7f5aada70000-7f5aada71000 rw-p 00077000 08:05 2911445                    /usr/lib/libfreebl3.so
7f5aada71000-7f5aada75000 rw-p 00000000 00:00 0 
7f5aada75000-7f5aadb2b000 r-xp 00000000 08:05 2901756                    /usr/lib/libsqlite3.so.0.8.6
7f5aadb2b000-7f5aadd2b000 ---p 000b6000 08:05 2901756                    /usr/lib/libsqlite3.so.0.8.6
7f5aadd2b000-7f5aadd2d000 r--p 000b6000 08:05 2901756                    /usr/lib/libsqlite3.so.0.8.6
7f5aadd2d000-7f5aadd30000 rw-p 000b8000 08:05 2901756                    /usr/lib/libsqlite3.so.0.8.6
7f5aadd30000-7f5ab4000000 rw-p 00000000 00:00 0 
7f5ab4000000-7f5ab4021000 rw-p 00000000 00:00 0 
7f5ab4021000-7f5ab8000000 ---p 00000000 00:00 0 
7f5ab8000000-7f5ab8021000 rw-p 00000000 00:00 0 
7f5ab8021000-7f5abc000000 ---p 00000000 00:00 0 
7f5abc000000-7f5abc021000 rw-p 00000000 00:00 0 
7f5abc021000-7f5ac0000000 ---p 00000000 00:00 0 
7f5ac0000000-7f5ac0021000 rw-p 00000000 00:00 0 
7f5ac0021000-7f5ac4000000 ---p 00000000 00:00 0 
7f5ac4018000-7f5ac401b000 ---p 00000000 00:00 0 
7f5ac401b000-7f5ac4119000 rw-p 00000000 00:00 0                          [stack:20089]
7f5ac4119000-7f5ac411c000 ---p 00000000 00:00 0 
7f5ac411c000-7f5ac421a000 rw-p 00000000 00:00 0                          [stack:20088]
7f5ac421a000-7f5ac425c000 r-xp 00000000 08:05 2911452                    /usr/lib/libsoftokn3.so
7f5ac425c000-7f5ac445b000 ---p 00042000 08:05 2911452                    /usr/lib/libsoftokn3.so
7f5ac445b000-7f5ac445d000 r--p 00041000 08:05 2911452                    /usr/lib/libsoftokn3.so
7f5ac445d000-7f5ac445e000 rw-p 00043000 08:05 2911452                    /usr/lib/libsoftokn3.so
7f5ac445e000-7f5ac4497000 r-xp 00000000 08:05 2908646                    /usr/lib/libnspr4.so
7f5ac4497000-7f5ac4697000 ---p 00039000 08:05 2908646                    /usr/lib/libnspr4.so
7f5ac4697000-7f5ac4698000 r--p 00039000 08:05 2908646                    /usr/lib/libnspr4.so
7f5ac4698000-7f5ac469a000 rw-p 0003a000 08:05 2908646                    /usr/lib/libnspr4.so
7f5ac469a000-7f5ac469c000 rw-p 00000000 00:00 0 
7f5ac469c000-7f5ac469f000 r-xp 00000000 08:05 2908647                    /usr/lib/libplds4.so
7f5ac469f000-7f5ac489e000 ---p 00003000 08:05 2908647                    /usr/lib/libplds4.so
7f5ac489e000-7f5ac489f000 r--p 00002000 08:05 2908647                    /usr/lib/libplds4.so
7f5ac489f000-7f5ac48a0000 rw-p 00003000 08:05 2908647                    /usr/lib/libplds4.so
7f5ac48a0000-7f5ac48a4000 r-xp 00000000 08:05 2908648                    /usr/lib/libplc4.so
7f5ac48a4000-7f5ac4aa3000 ---p 00004000 08:05 2908648                    /usr/lib/libplc4.so
7f5ac4aa3000-7f5ac4aa4000 r--p 00003000 08:05 2908648                    /usr/lib/libplc4.so
7f5ac4aa4000-7f5ac4aa5000 rw-p 00004000 08:05 2908648                    /usr/lib/libplc4.so
7f5ac4aa5000-7f5ac4aca000 r-xp 00000000 08:05 2911450                    /usr/lib/libnssutil3.so
7f5ac4aca000-7f5ac4cca000 ---p 00025000 08:05 2911450                    /usr/lib/libnssutil3.so
7f5ac4cca000-7f5ac4cd0000 r--p 00025000 08:05 2911450                    /usr/lib/libnssutil3.so
7f5ac4cd0000-7f5ac4cd1000 rw-p 0002b000 08:05 2911450                    /usr/lib/libnssutil3.so
7f5ac4cd1000-7f5ac4e07000 r-xp 00000000 08:05 2911446                    /usr/lib/libnss3.so
7f5ac4e07000-7f5ac5007000 ---p 00136000 08:05 2911446                    /usr/lib/libnss3.so
7f5ac5007000-7f5ac500c000 r--p 00136000 08:05 2911446                    /usr/lib/libnss3.so
7f5ac500c000-7f5ac500f000 rw-p 0013b000 08:05 2911446                    /usr/lib/libnss3.so
7f5ac500f000-7f5ac5010000 rw-p 00000000 00:00 0 
7f5ac5010000-7f5ac5020000 r-xp 00000000 08:05 5769776                    /usr/lib/jvm/java-7-openjdk/jre/lib/amd64/libj2pkcs11.so
7f5ac5020000-7f5ac521f000 ---p 00010000 08:05 5769776                    /usr/lib/jvm/java-7-openjdk/jre/lib/amd64/libj2pkcs11.so
7f5ac521f000-7f5ac5220000 rw-p 0000f000 08:05 5769776                    /usr/lib/jvm/java-7-openjdk/jre/lib/amd64/libj2pkcs11.so
7f5ac5220000-7f5ac5251000 rw-p 00000000 00:00 0 
7f5ac5251000-7f5ac5265000 r-xp 00000000 08:05 2886878                    /usr/lib/libresolv-2.18.so
7f5ac5265000-7f5ac5464000 ---p 00014000 08:05 2886878                    /usr/lib/libresolv-2.18.so
7f5ac5464000-7f5ac5465000 r--p 00013000 08:05 2886878                    /usr/lib/libresolv-2.18.so
7f5ac5465000-7f5ac5466000 rw-p 00014000 08:05 2886878                    /usr/lib/libresolv-2.18.so
7f5ac5466000-7f5ac5468000 rw-p 00000000 00:00 0 
7f5ac5468000-7f5ac54ce000 r-xp 00000000 08:05 2893565                    /usr/lib/libpcre.so.1.2.2
7f5ac54ce000-7f5ac56cd000 ---p 00066000 08:05 2893565                    /usr/lib/libpcre.so.1.2.2
7f5ac56cd000-7f5ac56ce000 r--p 00065000 08:05 2893565                    /usr/lib/libpcre.so.1.2.2
7f5ac56ce000-7f5ac56cf000 rw-p 00066000 08:05 2893565                    /usr/lib/libpcre.so.1.2.2
7f5ac56cf000-7f5ac56d2000 r-xp 00000000 08:05 2893684                    /usr/lib/libgmodule-2.0.so.0.3800.2
7f5ac56d2000-7f5ac58d1000 ---p 00003000 08:05 2893684                    /usr/lib/libgmodule-2.0.so.0.3800.2
7f5ac58d1000-7f5ac58d2000 r--p 00002000 08:05 2893684                    /usr/lib/libgmodule-2.0.so.0.3800.2
7f5ac58d2000-7f5ac58d3000 rw-p 00003000 08:05 2893684                    /usr/lib/libgmodule-2.0.so.0.3800.2
7f5ac58d3000-7f5ac58da000 r-xp 00000000 08:05 2893587                    /usr/lib/libffi.so.6.0.1
7f5ac58da000-7f5ac5ad9000 ---p 00007000 08:05 2893587                    /usr/lib/libffi.so.6.0.1
7f5ac5ad9000-7f5ac5ada000 r--p 00006000 08:05 2893587                    /usr/lib/libffi.so.6.0.1
7f5ac5ada000-7f5ac5adb000 rw-p 00007000 08:05 2893587                    /usr/lib/libffi.so.6.0.1
7f5ac5adb000-7f5ac5bd9000 r-xp 00000000 08:05 2893683                    /usr/lib/libglib-2.0.so.0.3800.2
7f5ac5bd9000-7f5ac5dd8000 ---p 000fe000 08:05 2893683                    /usr/lib/libglib-2.0.so.0.3800.2
7f5ac5dd8000-7f5ac5dd9000 r--p 000fd000 08:05 2893683                    /usr/lib/libglib-2.0.so.0.3800.2
7f5ac5dd9000-7f5ac5dda000 rw-p 000fe000 08:05 2893683                    /usr/lib/libglib-2.0.so.0.3800.2
7f5ac5dda000-7f5ac5ddb000 rw-p 00000000 00:00 0 
7f5ac5ddb000-7f5ac5e2a000 r-xp 00000000 08:05 2893686                    /usr/lib/libgobject-2.0.so.0.3800.2
7f5ac5e2a000-7f5ac602a000 ---p 0004f000 08:05 2893686                    /usr/lib/libgobject-2.0.so.0.3800.2
7f5ac602a000-7f5ac602b000 r--p 0004f000 08:05 2893686                    /usr/lib/libgobject-2.0.so.0.3800.2
7f5ac602b000-7f5ac602c000 rw-p 00050000 08:05 2893686                    /usr/lib/libgobject-2.0.so.0.3800.2
7f5ac602c000-7f5ac6186000 r-xp 00000000 08:05 2893687                    /usr/lib/libgio-2.0.so.0.3800.2
7f5ac6186000-7f5ac6386000 ---p 0015a000 08:05 2893687                    /usr/lib/libgio-2.0.so.0.3800.2
7f5ac6386000-7f5ac638a000 r--p 0015a000 08:05 2893687                    /usr/lib/libgio-2.0.so.0.3800.2
7f5ac638a000-7f5ac638c000 rw-p 0015e000 08:05 2893687                    /usr/lib/libgio-2.0.so.0.3800.2
7f5ac638c000-7f5ac638e000 rw-p 00000000 00:00 0 
7f5ac63bb000-7f5ac63d1000 r-xp 00000000 08:05 5769767                    /usr/lib/jvm/java-7-openjdk/jre/lib/amd64/libnet.so
7f5ac63d1000-7f5ac65d1000 ---p 00016000 08:05 5769767                    /usr/lib/jvm/java-7-openjdk/jre/lib/amd64/libnet.so
7f5ac65d1000-7f5ac65d2000 rw-p 00016000 08:05 5769767                    /usr/lib/jvm/java-7-openjdk/jre/lib/amd64/libnet.so
7f5ac65d2000-7f5ac65e2000 r-xp 00000000 08:05 5769768                    /usr/lib/jvm/java-7-openjdk/jre/lib/amd64/libnio.so
7f5ac65e2000-7f5ac67e2000 ---p 00010000 08:05 5769768                    /usr/lib/jvm/java-7-openjdk/jre/lib/amd64/libnio.so
7f5ac67e2000-7f5ac67e3000 rw-p 00010000 08:05 5769768                    /usr/lib/jvm/java-7-openjdk/jre/lib/amd64/libnio.so
7f5ac67e3000-7f5ac67e4000 ---p 00000000 00:00 0 
7f5ac67e4000-7f5ac68e4000 rw-p 00000000 00:00 0                          [stack:20087]
7f5ac68e4000-7f5ac68e7000 ---p 00000000 00:00 0 
7f5ac68e7000-7f5ac69e5000 rw-p 00000000 00:00 0                          [stack:20086]
7f5ac69e5000-7f5ac69e8000 ---p 00000000 00:00 0 
7f5ac69e8000-7f5ac6ae6000 rw-p 00000000 00:00 0                          [stack:20085]
7f5ac6ae6000-7f5ac6ae9000 ---p 00000000 00:00 0 
7f5ac6ae9000-7f5ac6be7000 rw-p 00000000 00:00 0                          [stack:20084]
7f5ac6be7000-7f5ac6bea000 ---p 00000000 00:00 0 
7f5ac6bea000-7f5ac6ce8000 rw-p 00000000 00:00 0                          [stack:20083]
7f5ac6ce8000-7f5ac6ceb000 ---p 00000000 00:00 0 
7f5ac6ceb000-7f5ac6de9000 rw-p 00000000 00:00 0                          [stack:20082]
7f5ac6de9000-7f5ac6dec000 ---p 00000000 00:00 0 
7f5ac6dec000-7f5ac6eea000 rw-p 00000000 00:00 0                          [stack:20081]
7f5ac6eea000-7f5ac70af000 r--p 00000000 08:05 2923618                    /usr/lib/locale/locale-archive
7f5ac70af000-7f5ac70b2000 ---p 00000000 00:00 0 
7f5ac70b2000-7f5ac71b0000 rw-p 00000000 00:00 0                          [stack:20080]
7f5ac71b0000-7f5ac71b3000 ---p 00000000 00:00 0 
7f5ac71b3000-7f5ac72b1000 rw-p 00000000 00:00 0                          [stack:20079]
7f5ac72b1000-7f5ac72b2000 ---p 00000000 00:00 0 
7f5ac72b2000-7f5ac73b2000 rw-p 00000000 00:00 0                          [stack:20078]
7f5ac73b2000-7f5ac74b3000 rw-p 00000000 00:00 0 
7f5ac74b3000-7f5ac75b4000 rw-p 00000000 00:00 0 
7f5ac75b4000-7f5ac76b5000 rw-p 00000000 00:00 0 
7f5ac76b5000-7f5ac77b6000 rw-p 00000000 00:00 0 
7f5ac77b6000-7f5ac78b7000 rw-p 00000000 00:00 0 
7f5ac78b7000-7f5ac79b8000 rw-p 00000000 00:00 0 
7f5ac79b8000-7f5ac7ab9000 rw-p 00000000 00:00 0 
7f5ac7ab9000-7f5ac7bba000 rw-p 00000000 00:00 0 
7f5ac7bba000-7f5ac7cbb000 rw-p 00000000 00:00 0 
7f5ac7cbb000-7f5ac7cdc000 rw-p 00000000 00:00 0 
7f5ac7cdc000-7f5ac7ddd000 rw-p 00000000 00:00 0 
7f5ac7ddd000-7f5ac7dfe000 rw-p 00000000 00:00 0 
7f5ac7dfe000-7f5ac7eff000 rw-p 00000000 00:00 0 
7f5ac7eff000-7f5ac8000000 rw-p 00000000 00:00 0 
7f5ac8000000-7f5ac8021000 rw-p 00000000 00:00 0 
7f5ac8021000-7f5acc000000 ---p 00000000 00:00 0 
7f5acc000000-7f5acc021000 rw-p 00000000 00:00 0 
7f5acc021000-7f5ad0000000 ---p 00000000 00:00 0 
7f5ad0000000-7f5ad0021000 rw-p 00000000 00:00 0 
7f5ad0021000-7f5ad4000000 ---p 00000000 00:00 0 
7f5ad4000000-7f5ad4021000 rw-p 00000000 00:00 0 
7f5ad4021000-7f5ad8000000 ---p 00000000 00:00 0 
7f5ad801e000-7f5ad803f000 rw-p 00000000 00:00 0 
7f5ad803f000-7f5ad8060000 rw-p 00000000 00:00 0 
7f5ad8060000-7f5ad8161000 rw-p 00000000 00:00 0 
7f5ad8161000-7f5ad8182000 rw-p 00000000 00:00 0 
7f5ad8182000-7f5ad8283000 rw-p 00000000 00:00 0 
7f5ad8283000-7f5ad82a4000 rw-p 00000000 00:00 0 
7f5ad82a4000-7f5ad83a5000 rw-p 00000000 00:00 0 
7f5ad83a5000-7f5ad83c6000 rw-p 00000000 00:00 0 
7f5ad83c6000-7f5ad84c7000 rw-p 00000000 00:00 0 
7f5ad84c7000-7f5ad84e8000 rw-p 00000000 00:00 0 
7f5ad84e8000-7f5ad85e9000 rw-p 00000000 00:00 0 
7f5ad85e9000-7f5ad86ea000 rw-p 00000000 00:00 0 
7f5ad86ea000-7f5ad87eb000 rw-p 00000000 00:00 0 
7f5ad87eb000-7f5ad88ec000 rw-p 00000000 00:00 0 
7f5ad88ec000-7f5ad89ed000 rw-p 00000000 00:00 0 
7f5ad89ed000-7f5ad8aee000 rw-p 00000000 00:00 0 
7f5ad8aee000-7f5ad8bef000 rw-p 00000000 00:00 0 
7f5ad8bef000-7f5ad8cf0000 rw-p 00000000 00:00 0 
7f5ad8cf0000-7f5ad8df1000 rw-p 00000000 00:00 0 
7f5ad8df1000-7f5ad8ef2000 rw-p 00000000 00:00 0 
7f5ad8ef2000-7f5ad8ff3000 rw-p 00000000 00:00 0 
7f5ad8ff3000-7f5ad901d000 rw-p 00000000 00:00 0 
7f5ad901d000-7f5ad9106000 r--s 00c25000 08:05 62915201                   /home/jesse/.lein/self-installs/leiningen-2.3.4-standalone.jar
7f5ad9106000-7f5ad914e000 rw-p 00000000 00:00 0 
7f5ad914e000-7f5ad92fc000 r--s 01ced000 08:05 5769239                    /usr/lib/jvm/java-7-openjdk/jre/lib/rt.jar
7f5ad92fc000-7f5ad9372000 rw-p 00000000 00:00 0 
7f5ad9372000-7f5ad93cd000 rw-p 00000000 00:00 0 
7f5ad93cd000-7f5ad99fa000 rw-p 00000000 00:00 0 
7f5ad99fa000-7f5ad99fb000 ---p 00000000 00:00 0 
7f5ad99fb000-7f5ad9afb000 rw-p 00000000 00:00 0                          [stack:20077]
7f5ad9afb000-7f5ad9afc000 ---p 00000000 00:00 0 
7f5ad9afc000-7f5ad9bfc000 rw-p 00000000 00:00 0                          [stack:20076]
7f5ad9bfc000-7f5ad9bfd000 ---p 00000000 00:00 0 
7f5ad9bfd000-7f5ad9cfd000 rw-p 00000000 00:00 0                          [stack:20075]
7f5ad9cfd000-7f5ad9cfe000 ---p 00000000 00:00 0 
7f5ad9cfe000-7f5ad9dfe000 rw-p 00000000 00:00 0                          [stack:20074]
7f5ad9dfe000-7f5ad9dff000 ---p 00000000 00:00 0 
7f5ad9dff000-7f5ad9eff000 rw-p 00000000 00:00 0                          [stack:20073]
7f5ad9eff000-7f5ad9f00000 ---p 00000000 00:00 0 
7f5ad9f00000-7f5ada000000 rw-p 00000000 00:00 0                          [stack:20072]
7f5ada000000-7f5ada270000 rwxp 00000000 00:00 0 
7f5ada270000-7f5ada280000 rwxp 00000000 00:00 0 
7f5ada280000-7f5ada290000 rwxp 00000000 00:00 0 
7f5ada290000-7f5ada2a0000 rwxp 00000000 00:00 0 
7f5ada2a0000-7f5ada2b0000 rwxp 00000000 00:00 0 
7f5ada2b0000-7f5ada2c0000 rwxp 00000000 00:00 0 
7f5ada2c0000-7f5ada2d0000 rwxp 00000000 00:00 0 
7f5ada2d0000-7f5ada2e0000 rwxp 00000000 00:00 0 
7f5ada2e0000-7f5ada2f0000 rwxp 00000000 00:00 0 
7f5ada2f0000-7f5ada300000 rwxp 00000000 00:00 0 
7f5ada300000-7f5ada310000 rwxp 00000000 00:00 0 
7f5ada310000-7f5ada320000 rwxp 00000000 00:00 0 
7f5ada320000-7f5ada330000 rwxp 00000000 00:00 0 
7f5ada330000-7f5ada340000 rwxp 00000000 00:00 0 
7f5ada340000-7f5ada350000 rwxp 00000000 00:00 0 
7f5ada350000-7f5ada360000 rwxp 00000000 00:00 0 
7f5ada360000-7f5ada370000 rwxp 00000000 00:00 0 
7f5ada370000-7f5ada380000 rwxp 00000000 00:00 0 
7f5ada380000-7f5ada390000 rwxp 00000000 00:00 0 
7f5ada390000-7f5ada3a0000 rwxp 00000000 00:00 0 
7f5ada3a0000-7f5ada3b0000 rwxp 00000000 00:00 0 
7f5ada3b0000-7f5ada3c0000 rwxp 00000000 00:00 0 
7f5ada3c0000-7f5ada3d0000 rwxp 00000000 00:00 0 
7f5ada3d0000-7f5ada3e0000 rwxp 00000000 00:00 0 
7f5ada3e0000-7f5ada3f0000 rwxp 00000000 00:00 0 
7f5ada3f0000-7f5ada400000 rwxp 00000000 00:00 0 
7f5ada400000-7f5ada410000 rwxp 00000000 00:00 0 
7f5ada410000-7f5ada420000 rwxp 00000000 00:00 0 
7f5ada420000-7f5ada430000 rwxp 00000000 00:00 0 
7f5ada430000-7f5ada440000 rwxp 00000000 00:00 0 
7f5ada440000-7f5ada450000 rwxp 00000000 00:00 0 
7f5ada450000-7f5ada460000 rwxp 00000000 00:00 0 
7f5ada460000-7f5ada470000 rwxp 00000000 00:00 0 
7f5ada470000-7f5ada480000 rwxp 00000000 00:00 0 
7f5ada480000-7f5ada490000 rwxp 00000000 00:00 0 
7f5ada490000-7f5ada4a0000 rwxp 00000000 00:00 0 
7f5ada4a0000-7f5ae0000000 rw-p 00000000 00:00 0 
7f5ae0000000-7f5ae0488000 rw-p 00000000 00:00 0 
7f5ae0488000-7f5ae4000000 ---p 00000000 00:00 0 
7f5ae4002000-7f5ae400f000 r--s 0010f000 08:05 5769242                    /usr/lib/jvm/java-7-openjdk/jre/lib/rhino.jar
7f5ae400f000-7f5ae401a000 r--s 00203000 08:05 5769236                    /usr/lib/jvm/java-7-openjdk/jre/lib/charsets.jar
7f5ae401a000-7f5ae401b000 ---p 00000000 00:00 0 
7f5ae401b000-7f5ae411b000 rw-p 00000000 00:00 0                          [stack:20071]
7f5ae411b000-7f5ae411c000 ---p 00000000 00:00 0 
7f5ae411c000-7f5ae421c000 rw-p 00000000 00:00 0                          [stack:20070]
7f5ae421c000-7f5ae425b000 rw-p 00000000 00:00 0 
7f5ae425b000-7f5ae4603000 rw-p 00000000 00:00 0 
7f5ae4603000-7f5ae460e000 rw-p 00000000 00:00 0 
7f5ae460e000-7f5ae460f000 rw-p 00000000 00:00 0 
7f5ae460f000-7f5ae4610000 rw-p 00000000 00:00 0 
7f5ae4610000-7f5ae4656000 rw-p 00000000 00:00 0 
7f5ae4656000-7f5ae4695000 rw-p 00000000 00:00 0 
7f5ae4695000-7f5ae4a3c000 rw-p 00000000 00:00 0 
7f5ae4a3c000-7f5ae4a5c000 rw-p 00000000 00:00 0 
7f5ae4a5c000-7f5ae4a74000 rw-p 00000000 00:00 0 
7f5ae4a74000-7f5ae4aa6000 rw-p 00000000 00:00 0 
7f5ae4aa6000-7f5ae4aa7000 rw-p 00000000 00:00 0 
7f5ae4aa7000-7f5ae4b05000 rw-p 00000000 00:00 0 
7f5ae4b05000-7f5ae4b06000 ---p 00000000 00:00 0 
7f5ae4b06000-7f5ae4c30000 rw-p 00000000 00:00 0 
7f5ae4c30000-7f5ae4c31000 rw-p 00000000 00:00 0 
7f5ae4c31000-7f5ae4c3b000 rw-p 00000000 00:00 0 
7f5ae4c3b000-7f5ae4c3c000 rw-p 00000000 00:00 0 
7f5ae4c3c000-7f5ae4c3d000 rw-p 00000000 00:00 0 
7f5ae4c3d000-7f5ae4c3e000 rw-p 00000000 00:00 0 
7f5ae4c3e000-7f5ae4c3f000 rw-p 00000000 00:00 0 
7f5ae4c3f000-7f5ae4c40000 rw-p 00000000 00:00 0 
7f5ae4c40000-7f5ae4c41000 rw-p 00000000 00:00 0 
7f5ae4c41000-7f5ae4c42000 rw-p 00000000 00:00 0 
7f5ae4c42000-7f5ae4c43000 rw-p 00000000 00:00 0 
7f5ae4c43000-7f5ae4c44000 rw-p 00000000 00:00 0 
7f5ae4c44000-7f5ae4db1000 rw-p 00000000 00:00 0 
7f5ae4db1000-7f5ae4db9000 r-xp 00000000 08:05 5769766                    /usr/lib/jvm/java-7-openjdk/jre/lib/amd64/libzip.so
7f5ae4db9000-7f5ae4fb8000 ---p 00008000 08:05 5769766                    /usr/lib/jvm/java-7-openjdk/jre/lib/amd64/libzip.so
7f5ae4fb8000-7f5ae4fb9000 rw-p 00007000 08:05 5769766                    /usr/lib/jvm/java-7-openjdk/jre/lib/amd64/libzip.so
7f5ae4fb9000-7f5ae4fc4000 r-xp 00000000 08:05 2886834                    /usr/lib/libnss_files-2.18.so
7f5ae4fc4000-7f5ae51c4000 ---p 0000b000 08:05 2886834                    /usr/lib/libnss_files-2.18.so
7f5ae51c4000-7f5ae51c5000 r--p 0000b000 08:05 2886834                    /usr/lib/libnss_files-2.18.so
7f5ae51c5000-7f5ae51c6000 rw-p 0000c000 08:05 2886834                    /usr/lib/libnss_files-2.18.so
7f5ae51c6000-7f5ae51f1000 r-xp 00000000 08:05 5769765                    /usr/lib/jvm/java-7-openjdk/jre/lib/amd64/libjava.so
7f5ae51f1000-7f5ae53f1000 ---p 0002b000 08:05 5769765                    /usr/lib/jvm/java-7-openjdk/jre/lib/amd64/libjava.so
7f5ae53f1000-7f5ae53f3000 rw-p 0002b000 08:05 5769765                    /usr/lib/jvm/java-7-openjdk/jre/lib/amd64/libjava.so
7f5ae53f3000-7f5ae5400000 r-xp 00000000 08:05 5769764                    /usr/lib/jvm/java-7-openjdk/jre/lib/amd64/libverify.so
7f5ae5400000-7f5ae55ff000 ---p 0000d000 08:05 5769764                    /usr/lib/jvm/java-7-openjdk/jre/lib/amd64/libverify.so
7f5ae55ff000-7f5ae5601000 rw-p 0000c000 08:05 5769764                    /usr/lib/jvm/java-7-openjdk/jre/lib/amd64/libverify.so
7f5ae5601000-7f5ae5608000 r-xp 00000000 08:05 2886896                    /usr/lib/librt-2.18.so
7f5ae5608000-7f5ae5807000 ---p 00007000 08:05 2886896                    /usr/lib/librt-2.18.so
7f5ae5807000-7f5ae5808000 r--p 00006000 08:05 2886896                    /usr/lib/librt-2.18.so
7f5ae5808000-7f5ae5809000 rw-p 00007000 08:05 2886896                    /usr/lib/librt-2.18.so
7f5ae5809000-7f5ae581e000 r-xp 00000000 08:05 2889892                    /usr/lib/libgcc_s.so.1
7f5ae581e000-7f5ae5a1e000 ---p 00015000 08:05 2889892                    /usr/lib/libgcc_s.so.1
7f5ae5a1e000-7f5ae5a1f000 rw-p 00015000 08:05 2889892                    /usr/lib/libgcc_s.so.1
7f5ae5a1f000-7f5ae5b20000 r-xp 00000000 08:05 2886866                    /usr/lib/libm-2.18.so
7f5ae5b20000-7f5ae5d20000 ---p 00101000 08:05 2886866                    /usr/lib/libm-2.18.so
7f5ae5d20000-7f5ae5d21000 r--p 00101000 08:05 2886866                    /usr/lib/libm-2.18.so
7f5ae5d21000-7f5ae5d22000 rw-p 00102000 08:05 2886866                    /usr/lib/libm-2.18.so
7f5ae5d22000-7f5ae5e08000 r-xp 00000000 08:05 2900465                    /usr/lib/libstdc++.so.6.0.18
7f5ae5e08000-7f5ae6007000 ---p 000e6000 08:05 2900465                    /usr/lib/libstdc++.so.6.0.18
7f5ae6007000-7f5ae600f000 r--p 000e5000 08:05 2900465                    /usr/lib/libstdc++.so.6.0.18
7f5ae600f000-7f5ae6011000 rw-p 000ed000 08:05 2900465                    /usr/lib/libstdc++.so.6.0.18
7f5ae6011000-7f5ae6026000 rw-p 00000000 00:00 0 
7f5ae6026000-7f5ae6b19000 r-xp 00000000 08:05 5769797                    /usr/lib/jvm/java-7-openjdk/jre/lib/amd64/server/libjvm.so
7f5ae6b19000-7f5ae6d19000 ---p 00af3000 08:05 5769797                    /usr/lib/jvm/java-7-openjdk/jre/lib/amd64/server/libjvm.so
7f5ae6d19000-7f5ae6dd4000 rw-p 00af3000 08:05 5769797                    /usr/lib/jvm/java-7-openjdk/jre/lib/amd64/server/libjvm.so
7f5ae6dd4000-7f5ae6e01000 rw-p 00000000 00:00 0 
7f5ae6e01000-7f5ae6e16000 r-xp 00000000 08:05 2889928                    /usr/lib/libz.so.1.2.8
7f5ae6e16000-7f5ae7015000 ---p 00015000 08:05 2889928                    /usr/lib/libz.so.1.2.8
7f5ae7015000-7f5ae7016000 r--p 00014000 08:05 2889928                    /usr/lib/libz.so.1.2.8
7f5ae7016000-7f5ae7017000 rw-p 00015000 08:05 2889928                    /usr/lib/libz.so.1.2.8
7f5ae7017000-7f5ae71b7000 r-xp 00000000 08:05 2886867                    /usr/lib/libc-2.18.so
7f5ae71b7000-7f5ae73b7000 ---p 001a0000 08:05 2886867                    /usr/lib/libc-2.18.so
7f5ae73b7000-7f5ae73bb000 r--p 001a0000 08:05 2886867                    /usr/lib/libc-2.18.so
7f5ae73bb000-7f5ae73bd000 rw-p 001a4000 08:05 2886867                    /usr/lib/libc-2.18.so
7f5ae73bd000-7f5ae73c1000 rw-p 00000000 00:00 0 
7f5ae73c1000-7f5ae73c4000 r-xp 00000000 08:05 2886897                    /usr/lib/libdl-2.18.so
7f5ae73c4000-7f5ae75c3000 ---p 00003000 08:05 2886897                    /usr/lib/libdl-2.18.so
7f5ae75c3000-7f5ae75c4000 r--p 00002000 08:05 2886897                    /usr/lib/libdl-2.18.so
7f5ae75c4000-7f5ae75c5000 rw-p 00003000 08:05 2886897                    /usr/lib/libdl-2.18.so
7f5ae75c5000-7f5ae75d2000 r-xp 00000000 08:05 5769793                    /usr/lib/jvm/java-7-openjdk/jre/lib/amd64/jli/libjli.so
7f5ae75d2000-7f5ae77d1000 ---p 0000d000 08:05 5769793                    /usr/lib/jvm/java-7-openjdk/jre/lib/amd64/jli/libjli.so
7f5ae77d1000-7f5ae77d2000 rw-p 0000c000 08:05 5769793                    /usr/lib/jvm/java-7-openjdk/jre/lib/amd64/jli/libjli.so
7f5ae77d2000-7f5ae77ea000 r-xp 00000000 08:05 2886838                    /usr/lib/libpthread-2.18.so
7f5ae77ea000-7f5ae79e9000 ---p 00018000 08:05 2886838                    /usr/lib/libpthread-2.18.so
7f5ae79e9000-7f5ae79ea000 r--p 00017000 08:05 2886838                    /usr/lib/libpthread-2.18.so
7f5ae79ea000-7f5ae79eb000 rw-p 00018000 08:05 2886838                    /usr/lib/libpthread-2.18.so
7f5ae79eb000-7f5ae79ef000 rw-p 00000000 00:00 0 
7f5ae79ef000-7f5ae7a0f000 r-xp 00000000 08:05 2886854                    /usr/lib/ld-2.18.so
7f5ae7a13000-7f5ae7a14000 rw-p 00000000 00:00 0 
7f5ae7a14000-7f5ae7a17000 r--s 00032000 08:05 5769754                    /usr/lib/jvm/java-7-openjdk/jre/lib/ext/sunjce_provider.jar
7f5ae7a17000-7f5ae7a1a000 r--s 0003c000 08:05 5769751                    /usr/lib/jvm/java-7-openjdk/jre/lib/ext/sunpkcs11.jar
7f5ae7a1a000-7f5ae7a1f000 r--s 0004c000 08:05 5769241                    /usr/lib/jvm/java-7-openjdk/jre/lib/jsse.jar
7f5ae7a1f000-7f5ae7a22000 r--s 0000f000 08:05 5769757                    /usr/lib/jvm/java-7-openjdk/jre/lib/ext/pulse-java.jar
7f5ae7a22000-7f5ae7a4a000 rw-p 00000000 00:00 0 
7f5ae7a4a000-7f5ae7a88000 rw-p 00000000 00:00 0 
7f5ae7a88000-7f5ae7a93000 rw-p 00000000 00:00 0 
7f5ae7a93000-7f5ae7a94000 rw-p 00000000 00:00 0 
7f5ae7a94000-7f5ae7a95000 rw-p 00000000 00:00 0 
7f5ae7a95000-7f5ae7adb000 rw-p 00000000 00:00 0 
7f5ae7adb000-7f5ae7ade000 ---p 00000000 00:00 0 
7f5ae7ade000-7f5ae7bdc000 rw-p 00000000 00:00 0                          [stack:20069]
7f5ae7bdc000-7f5ae7bdd000 rw-p 00000000 00:00 0 
7f5ae7bdd000-7f5ae7bde000 rw-p 00000000 00:00 0 
7f5ae7bde000-7f5ae7bdf000 rw-p 00000000 00:00 0 
7f5ae7bdf000-7f5ae7be0000 rw-p 00000000 00:00 0 
7f5ae7be0000-7f5ae7be2000 r--s 00017000 08:05 5769234                    /usr/lib/jvm/java-7-openjdk/jre/lib/jce.jar
7f5ae7be2000-7f5ae7c03000 rw-p 00000000 00:00 0 
7f5ae7c03000-7f5ae7c0b000 rw-s 00000000 00:1f 35097952                   /tmp/hsperfdata_jesse/20068
7f5ae7c0b000-7f5ae7c0c000 rw-p 00000000 00:00 0 
7f5ae7c0c000-7f5ae7c0d000 ---p 00000000 00:00 0 
7f5ae7c0d000-7f5ae7c0e000 rw-p 00000000 00:00 0 
7f5ae7c0e000-7f5ae7c0f000 r--p 0001f000 08:05 2886854                    /usr/lib/ld-2.18.so
7f5ae7c0f000-7f5ae7c10000 rw-p 00020000 08:05 2886854                    /usr/lib/ld-2.18.so
7f5ae7c10000-7f5ae7c11000 rw-p 00000000 00:00 0 
7fffa16bc000-7fffa16dd000 rw-p 00000000 00:00 0                          [stack]
7fffa16e9000-7fffa16eb000 r-xp 00000000 00:00 0                          [vdso]
ffffffffff600000-ffffffffff601000 r-xp 00000000 00:00 0                  [vsyscall]

VM Arguments:
jvm_args: -Xbootclasspath/a:/home/jesse/.lein/self-installs/leiningen-2.3.4-standalone.jar -XX:+TieredCompilation -XX:TieredStopAtLevel=1 -Dfile.encoding=UTF-8 -Dmaven.wagon.http.ssl.easy=false -Dleiningen.original.pwd=/home/jesse/Dropbox/Programming/LISP/CLOJURE/hang-man -Dleiningen.script=/usr/bin/lein 
java_command: clojure.main -m leiningen.core.main repl
Launcher Type: SUN_STANDARD

Environment Variables:
JAVA_HOME=/usr/lib/jvm/java-7-openjdk
CLASSPATH=:/home/jesse/.lein/self-installs/leiningen-2.3.4-standalone.jar
PATH=/usr/bin:/usr/local/sbin:/usr/local/bin:/usr/bin:/usr/bin/core_perl
USERNAME=jesse
SHELL=/bin/bash
DISPLAY=:0

Signal Handlers:
SIGSEGV: [libjvm.so+0x92a940], sa_mask[0]=0x7ffbfeff, sa_flags=0x10000004
SIGBUS: [libjvm.so+0x92a940], sa_mask[0]=0x7ffbfeff, sa_flags=0x10000004
SIGFPE: [libjvm.so+0x7a82f0], sa_mask[0]=0x7ffbfeff, sa_flags=0x10000004
SIGPIPE: SIG_IGN, sa_mask[0]=0x00000000, sa_flags=0x00000000
SIGXFSZ: [libjvm.so+0x7a82f0], sa_mask[0]=0x7ffbfeff, sa_flags=0x10000004
SIGILL: [libjvm.so+0x7a82f0], sa_mask[0]=0x7ffbfeff, sa_flags=0x10000004
SIGUSR1: SIG_DFL, sa_mask[0]=0x00000000, sa_flags=0x00000000
SIGUSR2: [libjvm.so+0x7a8190], sa_mask[0]=0x00000000, sa_flags=0x10000004
SIGHUP: [libjvm.so+0x7a8370], sa_mask[0]=0x7ffbfeff, sa_flags=0x10000004
SIGINT: [libjvm.so+0x7a8370], sa_mask[0]=0x7ffbfeff, sa_flags=0x10000004
SIGTERM: [libjvm.so+0x7a8370], sa_mask[0]=0x7ffbfeff, sa_flags=0x10000004
SIGQUIT: [libjvm.so+0x7a8370], sa_mask[0]=0x7ffbfeff, sa_flags=0x10000004


---------------  S Y S T E M  ---------------

OS:Linux
uname:Linux 3.12.5-1-ARCH #1 SMP PREEMPT Thu Dec 12 12:57:31 CET 2013 x86_64
libc:glibc 2.18 NPTL 2.18 
rlimit: STACK 8192k, CORE 0k, NPROC 95814, NOFILE 4096, AS infinity
load average:3.12 1.73 1.50

/proc/meminfo:
MemTotal:       12269876 kB
MemFree:          164748 kB
Buffers:            1028 kB
Cached:           259932 kB
SwapCached:            0 kB
Active:         11645068 kB
Inactive:         142476 kB
Active(anon):   11602368 kB
Inactive(anon):    93652 kB
Active(file):      42700 kB
Inactive(file):    48824 kB
Unevictable:           0 kB
Mlocked:               0 kB
SwapTotal:             0 kB
SwapFree:              0 kB
Dirty:                28 kB
Writeback:            44 kB
AnonPages:      11526936 kB
Mapped:           150252 kB
Shmem:            169192 kB
Slab:              74592 kB
SReclaimable:      29096 kB
SUnreclaim:        45496 kB
KernelStack:        6360 kB
PageTables:        66648 kB
NFS_Unstable:          0 kB
Bounce:                0 kB
WritebackTmp:          0 kB
CommitLimit:     6134936 kB
Committed_AS:   26128932 kB
VmallocTotal:   34359738367 kB
VmallocUsed:      179908 kB
VmallocChunk:   34359431664 kB
HardwareCorrupted:     0 kB
AnonHugePages:   5042176 kB
HugePages_Total:       0
HugePages_Free:        0
HugePages_Rsvd:        0
HugePages_Surp:        0
Hugepagesize:       2048 kB
DirectMap4k:       34116 kB
DirectMap2M:    12509184 kB


CPU:total 8 (4 cores per cpu, 2 threads per core) family 6 model 58 stepping 9, cmov, cx8, fxsr, mmx, sse, sse2, sse3, ssse3, sse4.1, sse4.2, popcnt, avx, aes, erms, ht, tsc, tscinvbit, tscinv

/proc/cpuinfo:
processor	: 0
vendor_id	: GenuineIntel
cpu family	: 6
model		: 58
model name	: Intel(R) Core(TM) i7-3770 CPU @ 3.40GHz
stepping	: 9
microcode	: 0x15
cpu MHz		: 3288.171
cache size	: 8192 KB
physical id	: 0
siblings	: 8
core id		: 0
cpu cores	: 4
apicid		: 0
initial apicid	: 0
fpu		: yes
fpu_exception	: yes
cpuid level	: 13
wp		: yes
flags		: fpu vme de pse tsc msr pae mce cx8 apic sep mtrr pge mca cmov pat pse36 clflush dts acpi mmx fxsr sse sse2 ss ht tm pbe syscall nx rdtscp lm constant_tsc arch_perfmon pebs bts rep_good nopl xtopology nonstop_tsc aperfmperf eagerfpu pni pclmulqdq dtes64 monitor ds_cpl vmx smx est tm2 ssse3 cx16 xtpr pdcm pcid sse4_1 sse4_2 x2apic popcnt tsc_deadline_timer aes xsave avx f16c rdrand lahf_lm ida arat epb xsaveopt pln pts dtherm tpr_shadow vnmi flexpriority ept vpid fsgsbase smep erms
bogomips	: 6793.10
clflush size	: 64
cache_alignment	: 64
address sizes	: 36 bits physical, 48 bits virtual
power management:

processor	: 1
vendor_id	: GenuineIntel
cpu family	: 6
model		: 58
model name	: Intel(R) Core(TM) i7-3770 CPU @ 3.40GHz
stepping	: 9
microcode	: 0x15
cpu MHz		: 2581.742
cache size	: 8192 KB
physical id	: 0
siblings	: 8
core id		: 1
cpu cores	: 4
apicid		: 2
initial apicid	: 2
fpu		: yes
fpu_exception	: yes
cpuid level	: 13
wp		: yes
flags		: fpu vme de pse tsc msr pae mce cx8 apic sep mtrr pge mca cmov pat pse36 clflush dts acpi mmx fxsr sse sse2 ss ht tm pbe syscall nx rdtscp lm constant_tsc arch_perfmon pebs bts rep_good nopl xtopology nonstop_tsc aperfmperf eagerfpu pni pclmulqdq dtes64 monitor ds_cpl vmx smx est tm2 ssse3 cx16 xtpr pdcm pcid sse4_1 sse4_2 x2apic popcnt tsc_deadline_timer aes xsave avx f16c rdrand lahf_lm ida arat epb xsaveopt pln pts dtherm tpr_shadow vnmi flexpriority ept vpid fsgsbase smep erms
bogomips	: 6793.10
clflush size	: 64
cache_alignment	: 64
address sizes	: 36 bits physical, 48 bits virtual
power management:

processor	: 2
vendor_id	: GenuineIntel
cpu family	: 6
model		: 58
model name	: Intel(R) Core(TM) i7-3770 CPU @ 3.40GHz
stepping	: 9
microcode	: 0x15
cpu MHz		: 3135.570
cache size	: 8192 KB
physical id	: 0
siblings	: 8
core id		: 2
cpu cores	: 4
apicid		: 4
initial apicid	: 4
fpu		: yes
fpu_exception	: yes
cpuid level	: 13
wp		: yes
flags		: fpu vme de pse tsc msr pae mce cx8 apic sep mtrr pge mca cmov pat pse36 clflush dts acpi mmx fxsr sse sse2 ss ht tm pbe syscall nx rdtscp lm constant_tsc arch_perfmon pebs bts rep_good nopl xtopology nonstop_tsc aperfmperf eagerfpu pni pclmulqdq dtes64 monitor ds_cpl vmx smx est tm2 ssse3 cx16 xtpr pdcm pcid sse4_1 sse4_2 x2apic popcnt tsc_deadline_timer aes xsave avx f16c rdrand lahf_lm ida arat epb xsaveopt pln pts dtherm tpr_shadow vnmi flexpriority ept vpid fsgsbase smep erms
bogomips	: 6793.10
clflush size	: 64
cache_alignment	: 64
address sizes	: 36 bits physical, 48 bits virtual
power management:

processor	: 3
vendor_id	: GenuineIntel
cpu family	: 6
model		: 58
model name	: Intel(R) Core(TM) i7-3770 CPU @ 3.40GHz
stepping	: 9
microcode	: 0x15
cpu MHz		: 2549.203
cache size	: 8192 KB
physical id	: 0
siblings	: 8
core id		: 3
cpu cores	: 4
apicid		: 6
initial apicid	: 6
fpu		: yes
fpu_exception	: yes
cpuid level	: 13
wp		: yes
flags		: fpu vme de pse tsc msr pae mce cx8 apic sep mtrr pge mca cmov pat pse36 clflush dts acpi mmx fxsr sse sse2 ss ht tm pbe syscall nx rdtscp lm constant_tsc arch_perfmon pebs bts rep_good nopl xtopology nonstop_tsc aperfmperf eagerfpu pni pclmulqdq dtes64 monitor ds_cpl vmx smx est tm2 ssse3 cx16 xtpr pdcm pcid sse4_1 sse4_2 x2apic popcnt tsc_deadline_timer aes xsave avx f16c rdrand lahf_lm ida arat epb xsaveopt pln pts dtherm tpr_shadow vnmi flexpriority ept vpid fsgsbase smep erms
bogomips	: 6793.10
clflush size	: 64
cache_alignment	: 64
address sizes	: 36 bits physical, 48 bits virtual
power management:

processor	: 4
vendor_id	: GenuineIntel
cpu family	: 6
model		: 58
model name	: Intel(R) Core(TM) i7-3770 CPU @ 3.40GHz
stepping	: 9
microcode	: 0x15
cpu MHz		: 1728.156
cache size	: 8192 KB
physical id	: 0
siblings	: 8
core id		: 0
cpu cores	: 4
apicid		: 1
initial apicid	: 1
fpu		: yes
fpu_exception	: yes
cpuid level	: 13
wp		: yes
flags		: fpu vme de pse tsc msr pae mce cx8 apic sep mtrr pge mca cmov pat pse36 clflush dts acpi mmx fxsr sse sse2 ss ht tm pbe syscall nx rdtscp lm constant_tsc arch_perfmon pebs bts rep_good nopl xtopology nonstop_tsc aperfmperf eagerfpu pni pclmulqdq dtes64 monitor ds_cpl vmx smx est tm2 ssse3 cx16 xtpr pdcm pcid sse4_1 sse4_2 x2apic popcnt tsc_deadline_timer aes xsave avx f16c rdrand lahf_lm ida arat epb xsaveopt pln pts dtherm tpr_shadow vnmi flexpriority ept vpid fsgsbase smep erms
bogomips	: 6793.10
clflush size	: 64
cache_alignment	: 64
address sizes	: 36 bits physical, 48 bits virtual
power management:

processor	: 5
vendor_id	: GenuineIntel
cpu family	: 6
model		: 58
model name	: Intel(R) Core(TM) i7-3770 CPU @ 3.40GHz
stepping	: 9
microcode	: 0x15
cpu MHz		: 3688.070
cache size	: 8192 KB
physical id	: 0
siblings	: 8
core id		: 1
cpu cores	: 4
apicid		: 3
initial apicid	: 3
fpu		: yes
fpu_exception	: yes
cpuid level	: 13
wp		: yes
flags		: fpu vme de pse tsc msr pae mce cx8 apic sep mtrr pge mca cmov pat pse36 clflush dts acpi mmx fxsr sse sse2 ss ht tm pbe syscall nx rdtscp lm constant_tsc arch_perfmon pebs bts rep_good nopl xtopology nonstop_tsc aperfmperf eagerfpu pni pclmulqdq dtes64 monitor ds_cpl vmx smx est tm2 ssse3 cx16 xtpr pdcm pcid sse4_1 sse4_2 x2apic popcnt tsc_deadline_timer aes xsave avx f16c rdrand lahf_lm ida arat epb xsaveopt pln pts dtherm tpr_shadow vnmi flexpriority ept vpid fsgsbase smep erms
bogomips	: 6793.10
clflush size	: 64
cache_alignment	: 64
address sizes	: 36 bits physical, 48 bits virtual
power management:

processor	: 6
vendor_id	: GenuineIntel
cpu family	: 6
model		: 58
model name	: Intel(R) Core(TM) i7-3770 CPU @ 3.40GHz
stepping	: 9
microcode	: 0x15
cpu MHz		: 3898.445
cache size	: 8192 KB
physical id	: 0
siblings	: 8
core id		: 2
cpu cores	: 4
apicid		: 5
initial apicid	: 5
fpu		: yes
fpu_exception	: yes
cpuid level	: 13
wp		: yes
flags		: fpu vme de pse tsc msr pae mce cx8 apic sep mtrr pge mca cmov pat pse36 clflush dts acpi mmx fxsr sse sse2 ss ht tm pbe syscall nx rdtscp lm constant_tsc arch_perfmon pebs bts rep_good nopl xtopology nonstop_tsc aperfmperf eagerfpu pni pclmulqdq dtes64 monitor ds_cpl vmx smx est tm2 ssse3 cx16 xtpr pdcm pcid sse4_1 sse4_2 x2apic popcnt tsc_deadline_timer aes xsave avx f16c rdrand lahf_lm ida arat epb xsaveopt pln pts dtherm tpr_shadow vnmi flexpriority ept vpid fsgsbase smep erms
bogomips	: 6793.10
clflush size	: 64
cache_alignment	: 64
address sizes	: 36 bits physical, 48 bits virtual
power management:

processor	: 7
vendor_id	: GenuineIntel
cpu family	: 6
model		: 58
model name	: Intel(R) Core(TM) i7-3770 CPU @ 3.40GHz
stepping	: 9
microcode	: 0x15
cpu MHz		: 3697.367
cache size	: 8192 KB
physical id	: 0
siblings	: 8
core id		: 3
cpu cores	: 4
apicid		: 7
initial apicid	: 7
fpu		: yes
fpu_exception	: yes
cpuid level	: 13
wp		: yes
flags		: fpu vme de pse tsc msr pae mce cx8 apic sep mtrr pge mca cmov pat pse36 clflush dts acpi mmx fxsr sse sse2 ss ht tm pbe syscall nx rdtscp lm constant_tsc arch_perfmon pebs bts rep_good nopl xtopology nonstop_tsc aperfmperf eagerfpu pni pclmulqdq dtes64 monitor ds_cpl vmx smx est tm2 ssse3 cx16 xtpr pdcm pcid sse4_1 sse4_2 x2apic popcnt tsc_deadline_timer aes xsave avx f16c rdrand lahf_lm ida arat epb xsaveopt pln pts dtherm tpr_shadow vnmi flexpriority ept vpid fsgsbase smep erms
bogomips	: 6793.10
clflush size	: 64
cache_alignment	: 64
address sizes	: 36 bits physical, 48 bits virtual
power management:



Memory: 4k page, physical 12269876k(164748k free), swap 0k(0k free)

vm_info: OpenJDK 64-Bit Server VM (24.45-b08) for linux-amd64 JRE (1.7.0_45-b31), built on Oct 21 2013 19:10:26 by "nobody" with gcc 4.8.2

time: Mon Dec 23 17:11:54 2013
elapsed time: 4 seconds

